{
  "stats": {
    "suites": 8,
    "tests": 39,
    "passes": 37,
    "pending": 0,
    "failures": 2,
    "start": "2023-06-09T17:53:40.537Z",
    "end": "2023-06-09T17:59:26.173Z",
    "duration": 345636,
    "testsRegistered": 39,
    "passPercent": 94.87179487179486,
    "pendingPercent": 0,
    "other": 0,
    "hasOther": false,
    "skipped": 0,
    "hasSkipped": false
  },
  "results": [
    {
      "uuid": "dfe5f8eb-dd6f-444e-baab-1e1060824465",
      "title": "",
      "fullFile": "",
      "file": "",
      "beforeHooks": [],
      "afterHooks": [],
      "tests": [],
      "suites": [
        {
          "uuid": "05778fc8-8b1f-4156-9b1b-41b933fe086e",
          "title": "Login @Login",
          "fullFile": "C:\\Users\\flexmobile\\Documents\\AUTOMACOES\\AUTOMACAO-FLEXTOTAL\\Automacao-FLEXTOTAL\\steps\\100-login_test.js",
          "file": "\\steps\\100-login_test.js",
          "beforeHooks": [
            {
              "title": "\"before all\" hook: codeceptjs.beforeSuite in \"Login @Login\"",
              "fullTitle": "Login @Login \"before all\" hook: codeceptjs.beforeSuite in \"Login @Login\"",
              "timedOut": false,
              "duration": 5960,
              "state": null,
              "speed": null,
              "pass": false,
              "fail": false,
              "pending": false,
              "context": null,
              "code": "scenario.suiteSetup(suite)",
              "err": {},
              "uuid": "88cb1e27-a0c3-426b-a9af-12316bc5a9bd",
              "parentUUID": "05778fc8-8b1f-4156-9b1b-41b933fe086e",
              "isHook": true,
              "skipped": false
            },
            {
              "title": "\"before each\" hook: codeceptjs.before in \"Login @Login\"",
              "fullTitle": "Login @Login \"before each\" hook: codeceptjs.before in \"Login @Login\"",
              "timedOut": false,
              "duration": 1,
              "state": null,
              "speed": null,
              "pass": false,
              "fail": false,
              "pending": false,
              "context": null,
              "code": "scenario.setup(suite)",
              "err": {},
              "uuid": "cd0cd821-d53e-4d31-a471-ef39db2712ca",
              "parentUUID": "05778fc8-8b1f-4156-9b1b-41b933fe086e",
              "isHook": true,
              "skipped": false
            }
          ],
          "afterHooks": [
            {
              "title": "\"after all\" hook: codeceptjs.afterSuite in \"Login @Login\"",
              "fullTitle": "Login @Login \"after all\" hook: codeceptjs.afterSuite in \"Login @Login\"",
              "timedOut": false,
              "duration": 0,
              "state": null,
              "speed": null,
              "pass": false,
              "fail": false,
              "pending": false,
              "context": null,
              "code": "scenario.suiteTeardown(suite)",
              "err": {},
              "uuid": "c3516049-fc48-47b3-adfc-4b56f8843893",
              "parentUUID": "05778fc8-8b1f-4156-9b1b-41b933fe086e",
              "isHook": true,
              "skipped": false
            },
            {
              "title": "\"after each\" hook: finalize codeceptjs in \"Login @Login\"",
              "fullTitle": "Login @Login \"after each\" hook: finalize codeceptjs in \"Login @Login\"",
              "timedOut": false,
              "duration": 1,
              "state": null,
              "speed": null,
              "pass": false,
              "fail": false,
              "pending": false,
              "context": null,
              "code": "scenario.teardown(suite)",
              "err": {},
              "uuid": "8cab9bfc-dc39-4f7c-adc7-051fa851c644",
              "parentUUID": "05778fc8-8b1f-4156-9b1b-41b933fe086e",
              "isHook": true,
              "skipped": false
            }
          ],
          "tests": [
            {
              "title": "Login com dados corretos @LoginCorreto",
              "fullTitle": "Login @Login: Login com dados corretos @LoginCorreto",
              "timedOut": false,
              "duration": 7267,
              "state": "passed",
              "speed": "slow",
              "pass": true,
              "fail": false,
              "pending": false,
              "context": null,
              "code": "//EU AGUARDOCLS\n  I.wait(3)\n  //VOU ATÉ A PAGINA FLEX TOTAL.\n  I.amOnPage(FLEXTOTAL)\n  //RESOLVER ERRO DE PAGINA NAO SEGURA//\n  I.click('//*[@id=\"details-button\"]')\n  I.click('//*[@id=\"proceed-link\"]')\n  // RESOLVENDO ERRO DE PAGINA SEGURA//\n  I.wait(3)\n  I.fillField(CampoEmail, 'flexmobile')\n  //EU COLOCO MINHA SENHA\n  I.fillField(CampoSenha, '48303523')\n  //EU APERTO NO BOTAO\n  I.forceClick(BtnLogin)\n  I.waitForElement(BtnMenu,5)",
              "err": {},
              "uuid": "91ffc7fe-843d-4905-9e59-e13c2551d9bd",
              "parentUUID": "05778fc8-8b1f-4156-9b1b-41b933fe086e",
              "isHook": false,
              "skipped": false
            }
          ],
          "suites": [],
          "passes": [
            "91ffc7fe-843d-4905-9e59-e13c2551d9bd"
          ],
          "failures": [],
          "pending": [],
          "skipped": [],
          "duration": 7267,
          "root": false,
          "rootEmpty": false,
          "_timeout": 0
        },
        {
          "uuid": "18f68cbc-11c6-419f-a7e2-34d06c335cc3",
          "title": "TelaInicialAppWMS @AppWMS",
          "fullFile": "C:\\Users\\flexmobile\\Documents\\AUTOMACOES\\AUTOMACAO-FLEXTOTAL\\Automacao-FLEXTOTAL\\steps\\101-TelaInicialAppWMS_test.js",
          "file": "\\steps\\101-TelaInicialAppWMS_test.js",
          "beforeHooks": [
            {
              "title": "\"before all\" hook: codeceptjs.beforeSuite in \"TelaInicialAppWMS @AppWMS\"",
              "fullTitle": "TelaInicialAppWMS @AppWMS \"before all\" hook: codeceptjs.beforeSuite in \"TelaInicialAppWMS @AppWMS\"",
              "timedOut": false,
              "duration": 0,
              "state": null,
              "speed": null,
              "pass": false,
              "fail": false,
              "pending": false,
              "context": null,
              "code": "scenario.suiteSetup(suite)",
              "err": {},
              "uuid": "87532293-05ff-45cf-b345-9a495c0da89b",
              "parentUUID": "18f68cbc-11c6-419f-a7e2-34d06c335cc3",
              "isHook": true,
              "skipped": false
            },
            {
              "title": "\"before each\" hook: codeceptjs.before in \"TelaInicialAppWMS @AppWMS\"",
              "fullTitle": "TelaInicialAppWMS @AppWMS \"before each\" hook: codeceptjs.before in \"TelaInicialAppWMS @AppWMS\"",
              "timedOut": false,
              "duration": 0,
              "state": null,
              "speed": null,
              "pass": false,
              "fail": false,
              "pending": false,
              "context": null,
              "code": "scenario.setup(suite)",
              "err": {},
              "uuid": "0064ca90-669a-4e1a-891c-a31df075f991",
              "parentUUID": "18f68cbc-11c6-419f-a7e2-34d06c335cc3",
              "isHook": true,
              "skipped": false
            }
          ],
          "afterHooks": [
            {
              "title": "\"after all\" hook: codeceptjs.afterSuite in \"TelaInicialAppWMS @AppWMS\"",
              "fullTitle": "TelaInicialAppWMS @AppWMS \"after all\" hook: codeceptjs.afterSuite in \"TelaInicialAppWMS @AppWMS\"",
              "timedOut": false,
              "duration": 0,
              "state": null,
              "speed": null,
              "pass": false,
              "fail": false,
              "pending": false,
              "context": null,
              "code": "scenario.suiteTeardown(suite)",
              "err": {},
              "uuid": "545ca2a8-5303-45bd-8534-13b0c72866ea",
              "parentUUID": "18f68cbc-11c6-419f-a7e2-34d06c335cc3",
              "isHook": true,
              "skipped": false
            },
            {
              "title": "\"after each\" hook: finalize codeceptjs in \"TelaInicialAppWMS @AppWMS\"",
              "fullTitle": "TelaInicialAppWMS @AppWMS \"after each\" hook: finalize codeceptjs in \"TelaInicialAppWMS @AppWMS\"",
              "timedOut": false,
              "duration": 1,
              "state": null,
              "speed": null,
              "pass": false,
              "fail": false,
              "pending": false,
              "context": null,
              "code": "scenario.teardown(suite)",
              "err": {},
              "uuid": "2a5a0839-0d61-4dec-9cff-34a5f6347947",
              "parentUUID": "18f68cbc-11c6-419f-a7e2-34d06c335cc3",
              "isHook": true,
              "skipped": false
            }
          ],
          "tests": [
            {
              "title": "101-01-Tela do AppWMS",
              "fullTitle": "TelaInicialAppWMS @AppWMS: 101-01-Tela do AppWMS",
              "timedOut": false,
              "duration": 1071,
              "state": "passed",
              "speed": "slow",
              "pass": true,
              "fail": false,
              "pending": false,
              "context": null,
              "code": "//VOU NA TELA WMS\n    I.amOnPage('https://192.168.1.128:9090/flextotal/user/coletor')\n    I.acceptPopup()\n    I.wait(1)",
              "err": {},
              "uuid": "119ba09c-dfca-410c-ab6a-05eba5339093",
              "parentUUID": "18f68cbc-11c6-419f-a7e2-34d06c335cc3",
              "isHook": false,
              "skipped": false
            }
          ],
          "suites": [],
          "passes": [
            "119ba09c-dfca-410c-ab6a-05eba5339093"
          ],
          "failures": [],
          "pending": [],
          "skipped": [],
          "duration": 1071,
          "root": false,
          "rootEmpty": false,
          "_timeout": 0
        },
        {
          "uuid": "e69b73b0-5b2a-4a5c-aa2b-8ecdbae0d3a7",
          "title": "W26-Consultas @102",
          "fullFile": "C:\\Users\\flexmobile\\Documents\\AUTOMACOES\\AUTOMACAO-FLEXTOTAL\\Automacao-FLEXTOTAL\\steps\\102-Consultas_test.js",
          "file": "\\steps\\102-Consultas_test.js",
          "beforeHooks": [
            {
              "title": "\"before all\" hook: codeceptjs.beforeSuite in \"W26-Consultas @102\"",
              "fullTitle": "W26-Consultas @102 \"before all\" hook: codeceptjs.beforeSuite in \"W26-Consultas @102\"",
              "timedOut": false,
              "duration": 0,
              "state": null,
              "speed": null,
              "pass": false,
              "fail": false,
              "pending": false,
              "context": null,
              "code": "scenario.suiteSetup(suite)",
              "err": {},
              "uuid": "4f090d27-a7d3-4c7b-b948-35211210edee",
              "parentUUID": "e69b73b0-5b2a-4a5c-aa2b-8ecdbae0d3a7",
              "isHook": true,
              "skipped": false
            },
            {
              "title": "\"before each\" hook: codeceptjs.before in \"W26-Consultas @102\"",
              "fullTitle": "W26-Consultas @102 \"before each\" hook: codeceptjs.before in \"W26-Consultas @102\"",
              "timedOut": false,
              "duration": 0,
              "state": null,
              "speed": null,
              "pass": false,
              "fail": false,
              "pending": false,
              "context": null,
              "code": "scenario.setup(suite)",
              "err": {},
              "uuid": "0d0406a1-d11a-43a4-b4e4-9d898a0a8dcd",
              "parentUUID": "e69b73b0-5b2a-4a5c-aa2b-8ecdbae0d3a7",
              "isHook": true,
              "skipped": false
            }
          ],
          "afterHooks": [
            {
              "title": "\"after all\" hook: codeceptjs.afterSuite in \"W26-Consultas @102\"",
              "fullTitle": "W26-Consultas @102 \"after all\" hook: codeceptjs.afterSuite in \"W26-Consultas @102\"",
              "timedOut": false,
              "duration": 0,
              "state": null,
              "speed": null,
              "pass": false,
              "fail": false,
              "pending": false,
              "context": null,
              "code": "scenario.suiteTeardown(suite)",
              "err": {},
              "uuid": "b58cfb9e-508c-4563-a477-d8028cb5742a",
              "parentUUID": "e69b73b0-5b2a-4a5c-aa2b-8ecdbae0d3a7",
              "isHook": true,
              "skipped": false
            },
            {
              "title": "\"after each\" hook: finalize codeceptjs in \"W26-Consultas @102\"",
              "fullTitle": "W26-Consultas @102 \"after each\" hook: finalize codeceptjs in \"W26-Consultas @102\"",
              "timedOut": false,
              "duration": 1,
              "state": null,
              "speed": null,
              "pass": false,
              "fail": false,
              "pending": false,
              "context": null,
              "code": "scenario.teardown(suite)",
              "err": {},
              "uuid": "3761a504-cf9f-4ae9-916a-e8ccf1264db8",
              "parentUUID": "e69b73b0-5b2a-4a5c-aa2b-8ecdbae0d3a7",
              "isHook": true,
              "skipped": false
            }
          ],
          "tests": [
            {
              "title": "Tela Consultas ",
              "fullTitle": "W26-Consultas @102: Tela Consultas ",
              "timedOut": false,
              "duration": 1367,
              "state": "passed",
              "speed": "slow",
              "pass": true,
              "fail": false,
              "pending": false,
              "context": null,
              "code": "//EU VOU NA TELA DE CONSULTAS\n    I.amOnPage('https://192.168.1.128:9090/flextotal/user/coletor/pesquisas')\n    I.wait(1)",
              "err": {},
              "uuid": "474c0268-30b8-4a78-9003-5fa3a87e4d21",
              "parentUUID": "e69b73b0-5b2a-4a5c-aa2b-8ecdbae0d3a7",
              "isHook": false,
              "skipped": false
            },
            {
              "title": "102-01-Consultar itens do endereço errado @102-01",
              "fullTitle": "W26-Consultas @102: 102-01-Consultar itens do endereço errado @102-01",
              "timedOut": false,
              "duration": 3719,
              "state": "passed",
              "speed": "slow",
              "pass": true,
              "fail": false,
              "pending": false,
              "context": null,
              "code": "//VOU NA TELA CONSULTAR ITENS DE ENDEREÇO\n    I.amOnPage('https://192.168.1.128:9090/flextotal/user/coletor/pesquisaItensEndereco')\n    I.wait(2)\n    //EU COLOCO CD BARRAS \n    I.fillField('/html/body/my-app/home/mat-sidenav-container/mat-sidenav-content/pesquisas-itens-endereco/div/form/mat-form-field/div/div[1]/div/input', '10101323')\n    //EU CLICO NO BOTAO \n    I.click('/html/body/my-app/home/mat-sidenav-container/mat-sidenav-content/pesquisas-itens-endereco/div/form/button')\n    I.wait(1)\n    //EU ESPERO PELA MENSAGEM DE ERRO\n    I.waitForText('Não há itens vinculados a este endereço')",
              "err": {},
              "uuid": "f6f0d7e0-529a-4936-b678-a61d3aa2a739",
              "parentUUID": "e69b73b0-5b2a-4a5c-aa2b-8ecdbae0d3a7",
              "isHook": false,
              "skipped": false
            },
            {
              "title": "102-02-Consultar itens do endereço @102-02",
              "fullTitle": "W26-Consultas @102: 102-02-Consultar itens do endereço @102-02",
              "timedOut": false,
              "duration": 8837,
              "state": "passed",
              "speed": "slow",
              "pass": true,
              "fail": false,
              "pending": false,
              "context": null,
              "code": "//VOU NA TELA CONSULTAR ITENS DE ENDEREÇO\n    I.amOnPage('https://192.168.1.128:9090/flextotal/user/coletor/pesquisaItensEndereco')\n    I.acceptPopup('RECARREGAR')\n    I.wait(2)\n    //EU COLOCO CD BARRAS \n    I.fillField('/html/body/my-app/home/mat-sidenav-container/mat-sidenav-content/pesquisas-itens-endereco/div/form/mat-form-field/div/div[1]/div/input', '10-1-09-14-1-A-2')\n    //EU CLICO NO BOTAO \n    I.click('/html/body/my-app/home/mat-sidenav-container/mat-sidenav-content/pesquisas-itens-endereco/div/form/button')\n    I.wait(1)\n    //EU ESPERO PELOS ITENS  NA TELA\n    I.waitForText('03847 - ABRAC.PLAST.300X4.8MM BC 100PCS BRASFORT')\n    I.waitForText('24027 - JOELHO P/FOGAO C/TAMPA N 1')\n    I.waitForText('22326 - ALARME P/PORTAS OU JANELAS BRASFORT')\n    I.wait(2)\n    //EU CLICO EM LOTES\n    I.click('/html/body/my-app/home/mat-sidenav-container/mat-sidenav-content/pesquisas-itens-endereco/div/div/mat-table/mat-row[1]/mat-cell[2]')\n    I.wait(3)\n    I.waitForText('LOTE01', 5)\n    I.waitForText('LOTE02', 5)",
              "err": {},
              "uuid": "584e1543-4c44-43c3-9a1d-aecc1454ca59",
              "parentUUID": "e69b73b0-5b2a-4a5c-aa2b-8ecdbae0d3a7",
              "isHook": false,
              "skipped": false
            },
            {
              "title": "102-03-Consulta Endereços do item (Flag Livres Marcado) @102-03",
              "fullTitle": "W26-Consultas @102: 102-03-Consulta Endereços do item (Flag Livres Marcado) @102-03",
              "timedOut": false,
              "duration": 4635,
              "state": "passed",
              "speed": "slow",
              "pass": true,
              "fail": false,
              "pending": false,
              "context": null,
              "code": "//EU VOU PARA PESQUISA DE ENDEREÇOS DO ITEM\n    I.amOnPage(' https://192.168.1.128:9090/flextotal/user/coletor/pesquisaEnderecosItem')\n    //ACEITO MUDAR DE PAGINA \n    I.acceptPopup()\n    //EU COLOCO O CODIGO DE CD\n    I.fillField('/html/body/my-app/home/mat-sidenav-container/mat-sidenav-content/pesquisa-endereco-itens/div/div/mat-expansion-panel/div/div/form/div[2]/mat-form-field/div/div[1]/div/input', '03847')\n    I.wait(1)\n    //EU ADICIONO O ITEM\n    I.click('/html/body/div[2]/div/div')\n    //EU CLICO NO CHECKBOX\n    I.click('/html/body/my-app/home/mat-sidenav-container/mat-sidenav-content/pesquisa-endereco-itens/div/div/mat-expansion-panel/div/div/form/div[3]/div/mat-checkbox/label/div')\n    //EU CLICO NO BOTAO 'PESQUISAR'\n    I.click('/html/body/my-app/home/mat-sidenav-container/mat-sidenav-content/pesquisa-endereco-itens/div/div/mat-expansion-panel/div/div/form/div[4]/button')\n    //PRECISA FAZER VALIDAÇÃO AQUI // \n    I.wait(2)",
              "err": {},
              "uuid": "35a137d9-5e4b-484d-b7b7-e88b3905f88b",
              "parentUUID": "e69b73b0-5b2a-4a5c-aa2b-8ecdbae0d3a7",
              "isHook": false,
              "skipped": false
            },
            {
              "title": "102-04-Consulta Endereços do item com Flag Livres Desmarcado @102-04",
              "fullTitle": "W26-Consultas @102: 102-04-Consulta Endereços do item com Flag Livres Desmarcado @102-04",
              "timedOut": false,
              "duration": 4072,
              "state": "passed",
              "speed": "slow",
              "pass": true,
              "fail": false,
              "pending": false,
              "context": null,
              "code": "//EU VOU PARA PESQUISA DE ENDEREÇOS DO ITEM\n    I.amOnPage(' https://192.168.1.128:9090/flextotal/user/coletor/pesquisaEnderecosItem')\n    //ACEITO MUDAR DE PAGINA \n    I.acceptPopup()\n    //EU COLOCO O CODIGO DE CD\n    I.fillField('/html/body/my-app/home/mat-sidenav-container/mat-sidenav-content/pesquisa-endereco-itens/div/div/mat-expansion-panel/div/div/form/div[2]/mat-form-field/div/div[1]/div/input', '03847')\n    I.wait(1)\n    //EU ADICIONO O ITEM\n    I.click('/html/body/div[2]/div/div')\n    //EU CLICO NO BOTAO 'PESQUISAR'\n    I.click('/html/body/my-app/home/mat-sidenav-container/mat-sidenav-content/pesquisa-endereco-itens/div/div/mat-expansion-panel/div/div/form/div[4]/button')\n    //PRECISA VALIDAR AS INFORMAÇOES AQUI\n    I.wait(2)",
              "err": {},
              "uuid": "5e0ad28c-bc54-4661-a2cb-d61e29ad2f40",
              "parentUUID": "e69b73b0-5b2a-4a5c-aa2b-8ecdbae0d3a7",
              "isHook": false,
              "skipped": false
            }
          ],
          "suites": [],
          "passes": [
            "474c0268-30b8-4a78-9003-5fa3a87e4d21",
            "f6f0d7e0-529a-4936-b678-a61d3aa2a739",
            "584e1543-4c44-43c3-9a1d-aecc1454ca59",
            "35a137d9-5e4b-484d-b7b7-e88b3905f88b",
            "5e0ad28c-bc54-4661-a2cb-d61e29ad2f40"
          ],
          "failures": [],
          "pending": [],
          "skipped": [],
          "duration": 22630,
          "root": false,
          "rootEmpty": false,
          "_timeout": 0
        },
        {
          "uuid": "e6d2f2e2-8783-49f2-b462-1b764dfdf562",
          "title": "W29-ContagemDeEStoque @103",
          "fullFile": "C:\\Users\\flexmobile\\Documents\\AUTOMACOES\\AUTOMACAO-FLEXTOTAL\\Automacao-FLEXTOTAL\\steps\\103-W26-ContageDeEstoque_test.js",
          "file": "\\steps\\103-W26-ContageDeEstoque_test.js",
          "beforeHooks": [
            {
              "title": "\"before all\" hook: codeceptjs.beforeSuite in \"W29-ContagemDeEStoque @103\"",
              "fullTitle": "W29-ContagemDeEStoque @103 \"before all\" hook: codeceptjs.beforeSuite in \"W29-ContagemDeEStoque @103\"",
              "timedOut": false,
              "duration": 1,
              "state": null,
              "speed": null,
              "pass": false,
              "fail": false,
              "pending": false,
              "context": null,
              "code": "scenario.suiteSetup(suite)",
              "err": {},
              "uuid": "de15a810-f5d9-46f5-9b7b-b118dd7701a8",
              "parentUUID": "e6d2f2e2-8783-49f2-b462-1b764dfdf562",
              "isHook": true,
              "skipped": false
            },
            {
              "title": "\"before each\" hook: codeceptjs.before in \"W29-ContagemDeEStoque @103\"",
              "fullTitle": "W29-ContagemDeEStoque @103 \"before each\" hook: codeceptjs.before in \"W29-ContagemDeEStoque @103\"",
              "timedOut": false,
              "duration": 0,
              "state": null,
              "speed": null,
              "pass": false,
              "fail": false,
              "pending": false,
              "context": null,
              "code": "scenario.setup(suite)",
              "err": {},
              "uuid": "28d02682-dc70-4e08-bc54-a13a0df8a0b4",
              "parentUUID": "e6d2f2e2-8783-49f2-b462-1b764dfdf562",
              "isHook": true,
              "skipped": false
            }
          ],
          "afterHooks": [
            {
              "title": "\"after all\" hook: codeceptjs.afterSuite in \"W29-ContagemDeEStoque @103\"",
              "fullTitle": "W29-ContagemDeEStoque @103 \"after all\" hook: codeceptjs.afterSuite in \"W29-ContagemDeEStoque @103\"",
              "timedOut": false,
              "duration": 0,
              "state": null,
              "speed": null,
              "pass": false,
              "fail": false,
              "pending": false,
              "context": null,
              "code": "scenario.suiteTeardown(suite)",
              "err": {},
              "uuid": "e88c7ac9-0502-4329-89b9-a73fc70ccd74",
              "parentUUID": "e6d2f2e2-8783-49f2-b462-1b764dfdf562",
              "isHook": true,
              "skipped": false
            },
            {
              "title": "\"after each\" hook: finalize codeceptjs in \"W29-ContagemDeEStoque @103\"",
              "fullTitle": "W29-ContagemDeEStoque @103 \"after each\" hook: finalize codeceptjs in \"W29-ContagemDeEStoque @103\"",
              "timedOut": false,
              "duration": 0,
              "state": null,
              "speed": null,
              "pass": false,
              "fail": false,
              "pending": false,
              "context": null,
              "code": "scenario.teardown(suite)",
              "err": {},
              "uuid": "53e44645-8bdc-432f-a9a8-a013ae078fff",
              "parentUUID": "e6d2f2e2-8783-49f2-b462-1b764dfdf562",
              "isHook": true,
              "skipped": false
            }
          ],
          "tests": [
            {
              "title": "103-01-Contagem de estoque Contagem fechada @103-01",
              "fullTitle": "W29-ContagemDeEStoque @103: 103-01-Contagem de estoque Contagem fechada @103-01",
              "timedOut": false,
              "duration": 7538,
              "state": "passed",
              "speed": "slow",
              "pass": true,
              "fail": false,
              "pending": false,
              "context": null,
              "code": "I.wait(2)\n    //EU VOU PARA A PAGINA DE CONTAGEM DE ESTOQUE\n    I.amOnPage('https://192.168.1.128:9090/flextotal/user/estoque/contagem/pesquisar')\n    //EU ACEITO O POPUP\n    I.acceptPopup()\n    I.wait(1)\n    //EU COLOCO O ID DA CONTAGEM FECHADA OBS: A CONTAGEM TEM QUE ESTAR FECHADA NO SISTEMA\n    I.fillField('/html/body/my-app/home/mat-sidenav-container/mat-sidenav-content/pesquisa-contagem-component/div/form/mat-form-field/div/div[1]/div/input', '1000118529349')\n    I.wait(1)\n    //EU CLICO NO BOTAO DE PESQUISAR\n    I.click('/html/body/my-app/home/mat-sidenav-container/mat-sidenav-content/pesquisa-contagem-component/div/form/button')\n    I.wait(2)\n    I.waitForText('ERRO')\n    I.wait(1)",
              "err": {},
              "uuid": "8046d573-d20a-4e0e-9e6c-bda945f25274",
              "parentUUID": "e6d2f2e2-8783-49f2-b462-1b764dfdf562",
              "isHook": false,
              "skipped": false
            },
            {
              "title": "103-02-Contagem de estoque id errado @103-02",
              "fullTitle": "W29-ContagemDeEStoque @103: 103-02-Contagem de estoque id errado @103-02",
              "timedOut": false,
              "duration": 6434,
              "state": "passed",
              "speed": "slow",
              "pass": true,
              "fail": false,
              "pending": false,
              "context": null,
              "code": "//EU VOU PARA A PAGINA DE CONTAGEM DE ESTOQUE\n    I.amOnPage('https://192.168.1.128:9090/flextotal/user/estoque/contagem/pesquisar')\n    //EU ACEITO O POPUP\n    I.acceptPopup()\n    I.wait(1)\n    //EU COLOCO O ID DA CONTAGEM OBS: A CONTAGEM TEM QUE ESTAR PENDENTE NO SISTEMA\n    I.fillField('/html/body/my-app/home/mat-sidenav-container/mat-sidenav-content/pesquisa-contagem-component/div/form/mat-form-field/div/div[1]/div/input', '234234')\n    I.wait(1)\n    I.click('/html/body/my-app/home/mat-sidenav-container/mat-sidenav-content/pesquisa-contagem-component/div/form/button')\n    I.wait(2)\n    I.waitForText('Contagem não encontrada ID:')\n    I.wait(2)",
              "err": {},
              "uuid": "531e359a-5f94-4d51-bc24-2f8e9c70de1e",
              "parentUUID": "e6d2f2e2-8783-49f2-b462-1b764dfdf562",
              "isHook": false,
              "skipped": false
            },
            {
              "title": "103-03-Contagem de estoque @103-03",
              "fullTitle": "W29-ContagemDeEStoque @103: 103-03-Contagem de estoque @103-03",
              "timedOut": false,
              "duration": 19133,
              "state": "failed",
              "speed": null,
              "pass": false,
              "fail": true,
              "pending": false,
              "context": null,
              "code": "//EU VOU PARA A PAGINA DE CONTAGEM DE ESTOQUE\n    I.amOnPage('https://192.168.1.128:9090/flextotal/user/estoque/contagem/pesquisar')\n    //EU ACEITO O POPUP\n    I.acceptPopup()\n    I.wait(3)\n    //EU COLOCO O ID DA CONTAGEM OBS: A CONTAGEM TEM QUE ESTAR PENDENTE NO SISTEMA\n    I.fillField('/html/body/my-app/home/mat-sidenav-container/mat-sidenav-content/pesquisa-contagem-component/div/form/mat-form-field/div/div[1]/div/input', '1002064874306')\n    I.wait(3)\n    //EU CLICO NO BOTAO DE PESQUISAR\n    I.click('/html/body/my-app/home/mat-sidenav-container/mat-sidenav-content/pesquisa-contagem-component/div/form/button')\n    I.wait(3)\n    //EU COLOCO A QUANTIDADE DE ITENS LIDO PARA SOMAR\n    I.fillField('/html/body/my-app/home/mat-sidenav-container/mat-sidenav-content/contagem-component/div/form/div/div[2]/mat-form-field[1]/div/div[1]/div/input', '1')\n    I.wait(3)\n    //EU APERTO NO BOTAO PARA SOMAR \n    I.click('/html/body/my-app/home/mat-sidenav-container/mat-sidenav-content/contagem-component/div/form/div/div[3]/button[1]')\n    I.wait(3)\n    I.waitForText('CONFIRMAR')\n    I.click('/html/body/my-app/home/mat-sidenav-container/mat-sidenav-content/contagem-component/div/form/div/div[3]/button[2]')\n    I.waitForText('Realizar recontagem do item.',3)\n    I.click('OK')",
              "err": {
                "message": "Error: element (body) is not in DOM or there is no element(body) with text \"Realizar recontagem do item.\" after 3 sec",
                "estack": "Error: element (body) is not in DOM or there is no element(body) with text \"Realizar recontagem do item.\" after 3 sec\n    at file:///C:/Users/flexmobile/Documents/AUTOMACOES/AUTOMACAO-FLEXTOTAL/Automacao-FLEXTOTAL/node_modules/webdriverio/build/commands/browser/waitUntil.js:39:23\n    at async Browser.wrapCommandFn (file:///C:/Users/flexmobile/Documents/AUTOMACOES/AUTOMACAO-FLEXTOTAL/Automacao-FLEXTOTAL/node_modules/@wdio/utils/build/shim.js:72:29)",
                "diff": null
              },
              "uuid": "1e638100-2621-4123-87c3-8111cfa44825",
              "parentUUID": "e6d2f2e2-8783-49f2-b462-1b764dfdf562",
              "isHook": false,
              "skipped": false
            },
            {
              "title": "103-04-Contagem de estoque - Listar Itens @103-04",
              "fullTitle": "W29-ContagemDeEStoque @103: 103-04-Contagem de estoque - Listar Itens @103-04",
              "timedOut": false,
              "duration": 11628,
              "state": "passed",
              "speed": "slow",
              "pass": true,
              "fail": false,
              "pending": false,
              "context": null,
              "code": "I.click('/html/body/my-app/home/mat-sidenav-container/mat-sidenav-content/contagem-component/div/mat-toolbar/button')\n    I.wait(3)\n    I.click('Listar Itens')\n    I.wait(3)\n    I.waitForText('10155',5)\n    I.click('/html/body/div[2]/div[2]/div/mat-dialog-container/ng-component/mat-dialog-content/mat-list/a[1]/div/div[2]/span[2]')\n    I.wait(5)",
              "err": {},
              "uuid": "a2f7bbbb-cf80-4d2e-86e5-f6c83be7b717",
              "parentUUID": "e6d2f2e2-8783-49f2-b462-1b764dfdf562",
              "isHook": false,
              "skipped": false
            },
            {
              "title": "103-05-Contagem de estoque - Reiniciar Itens @103-05",
              "fullTitle": "W29-ContagemDeEStoque @103: 103-05-Contagem de estoque - Reiniciar Itens @103-05",
              "timedOut": false,
              "duration": 16649,
              "state": "passed",
              "speed": "slow",
              "pass": true,
              "fail": false,
              "pending": false,
              "context": null,
              "code": "I.amOnPage('https://192.168.1.128:9090/flextotal/user/estoque/contagem/1002064874306')\n    I.acceptPopup()\n    I.wait(3)\n    I.click('/html/body/my-app/home/mat-sidenav-container/mat-sidenav-content/contagem-component/div/mat-toolbar/button')\n    I.wait(3)\n    I.click('Reiniciar Item')\n    I.wait(3)\n    I.waitForText('CONFIRMAR',20)\n    I.click('CONFIRMAR')\n    I.wait(3)\n    I.waitForText('OK',20)\n    I.click('OK')\n    I.wait(4)",
              "err": {},
              "uuid": "bd2f100a-995b-4691-9dab-0add9392364c",
              "parentUUID": "e6d2f2e2-8783-49f2-b462-1b764dfdf562",
              "isHook": false,
              "skipped": false
            },
            {
              "title": "103-06-Contagem de estoque - Pular Itens @103-06",
              "fullTitle": "W29-ContagemDeEStoque @103: 103-06-Contagem de estoque - Pular Itens @103-06",
              "timedOut": false,
              "duration": 7444,
              "state": "passed",
              "speed": "slow",
              "pass": true,
              "fail": false,
              "pending": false,
              "context": null,
              "code": "I.amOnPage('https://192.168.1.128:9090/flextotal/user/estoque/contagem/1002064874306')\n    I.acceptPopup()\n    I.wait(2)\n    I.click('/html/body/my-app/home/mat-sidenav-container/mat-sidenav-content/contagem-component/div/mat-toolbar/button')\n    I.wait(2)\n    I.click('Pular Item')\n    I.wait(3)\n    I.waitForText('CONFIRMAR',5)\n    I.click('CONFIRMAR')",
              "err": {},
              "uuid": "48f27f56-41bc-4b49-ac32-4d173ccdbde3",
              "parentUUID": "e6d2f2e2-8783-49f2-b462-1b764dfdf562",
              "isHook": false,
              "skipped": false
            }
          ],
          "suites": [],
          "passes": [
            "8046d573-d20a-4e0e-9e6c-bda945f25274",
            "531e359a-5f94-4d51-bc24-2f8e9c70de1e",
            "a2f7bbbb-cf80-4d2e-86e5-f6c83be7b717",
            "bd2f100a-995b-4691-9dab-0add9392364c",
            "48f27f56-41bc-4b49-ac32-4d173ccdbde3"
          ],
          "failures": [
            "1e638100-2621-4123-87c3-8111cfa44825"
          ],
          "pending": [],
          "skipped": [],
          "duration": 68826,
          "root": false,
          "rootEmpty": false,
          "_timeout": 0
        },
        {
          "uuid": "3013b086-22c6-4a95-ab5d-f3a6362c47e4",
          "title": "ConferenciaDeEntrada @104",
          "fullFile": "C:\\Users\\flexmobile\\Documents\\AUTOMACOES\\AUTOMACAO-FLEXTOTAL\\Automacao-FLEXTOTAL\\steps\\104-W29-ConferenciaDeEntrada_test.js",
          "file": "\\steps\\104-W29-ConferenciaDeEntrada_test.js",
          "beforeHooks": [
            {
              "title": "\"before all\" hook: codeceptjs.beforeSuite in \"ConferenciaDeEntrada @104\"",
              "fullTitle": "ConferenciaDeEntrada @104 \"before all\" hook: codeceptjs.beforeSuite in \"ConferenciaDeEntrada @104\"",
              "timedOut": false,
              "duration": 0,
              "state": null,
              "speed": null,
              "pass": false,
              "fail": false,
              "pending": false,
              "context": null,
              "code": "scenario.suiteSetup(suite)",
              "err": {},
              "uuid": "62c1e15f-4803-4867-9f64-403cfdb13b93",
              "parentUUID": "3013b086-22c6-4a95-ab5d-f3a6362c47e4",
              "isHook": true,
              "skipped": false
            },
            {
              "title": "\"before each\" hook: codeceptjs.before in \"ConferenciaDeEntrada @104\"",
              "fullTitle": "ConferenciaDeEntrada @104 \"before each\" hook: codeceptjs.before in \"ConferenciaDeEntrada @104\"",
              "timedOut": false,
              "duration": 0,
              "state": null,
              "speed": null,
              "pass": false,
              "fail": false,
              "pending": false,
              "context": null,
              "code": "scenario.setup(suite)",
              "err": {},
              "uuid": "5aa2a58d-436c-45f2-b91e-c25a7cdef339",
              "parentUUID": "3013b086-22c6-4a95-ab5d-f3a6362c47e4",
              "isHook": true,
              "skipped": false
            }
          ],
          "afterHooks": [
            {
              "title": "\"after all\" hook: codeceptjs.afterSuite in \"ConferenciaDeEntrada @104\"",
              "fullTitle": "ConferenciaDeEntrada @104 \"after all\" hook: codeceptjs.afterSuite in \"ConferenciaDeEntrada @104\"",
              "timedOut": false,
              "duration": 0,
              "state": null,
              "speed": null,
              "pass": false,
              "fail": false,
              "pending": false,
              "context": null,
              "code": "scenario.suiteTeardown(suite)",
              "err": {},
              "uuid": "eff97bac-8227-415f-bc6c-35d9d9fc3c6f",
              "parentUUID": "3013b086-22c6-4a95-ab5d-f3a6362c47e4",
              "isHook": true,
              "skipped": false
            },
            {
              "title": "\"after each\" hook: finalize codeceptjs in \"ConferenciaDeEntrada @104\"",
              "fullTitle": "ConferenciaDeEntrada @104 \"after each\" hook: finalize codeceptjs in \"ConferenciaDeEntrada @104\"",
              "timedOut": false,
              "duration": 1,
              "state": null,
              "speed": null,
              "pass": false,
              "fail": false,
              "pending": false,
              "context": null,
              "code": "scenario.teardown(suite)",
              "err": {},
              "uuid": "ccff87c7-070f-4d28-8430-319fe0234f5e",
              "parentUUID": "3013b086-22c6-4a95-ab5d-f3a6362c47e4",
              "isHook": true,
              "skipped": false
            }
          ],
          "tests": [
            {
              "title": "104-01-Conferencia de entrada @104-01",
              "fullTitle": "ConferenciaDeEntrada @104: 104-01-Conferencia de entrada @104-01",
              "timedOut": false,
              "duration": 3563,
              "state": "passed",
              "speed": "slow",
              "pass": true,
              "fail": false,
              "pending": false,
              "context": null,
              "code": "//EU VOU ATE A PAGINA W29\n    I.amOnPage('https://192.168.1.128:9090/flextotal/user/estoque/conferenciaEntrada/pesquisar')\n    //EU ACEITO POPUP\n    I.acceptPopup()\n    //EU ESPERO\n    I.wait(2)\n    //EU COLOCO O ID GERAL INVÁLIDO\n    I.fillField('/html/body/my-app/home/mat-sidenav-container/mat-sidenav-content/pesquisa-conferencia-component/div/div[1]/mat-form-field/div/div[1]/div/textarea', '0000001 ')\n    //EU ESPERO    \n    I.wait(1)\n    //EU CLICO NO BOTAO PESQUISAR\n    I.click('/html/body/my-app/home/mat-sidenav-container/mat-sidenav-content/pesquisa-conferencia-component/div/div[2]/button')\n    //EU ESPERO PELO TEXTO\n    I.waitForText('Tarefa não encontrada!')\n    //EU ESPERO",
              "err": {},
              "uuid": "31e18446-ccef-4306-9a94-fad6960aeec5",
              "parentUUID": "3013b086-22c6-4a95-ab5d-f3a6362c47e4",
              "isHook": false,
              "skipped": false
            },
            {
              "title": "104-02-Conferencia de entrada @104-02",
              "fullTitle": "ConferenciaDeEntrada @104: 104-02-Conferencia de entrada @104-02",
              "timedOut": false,
              "duration": 8237,
              "state": "passed",
              "speed": "slow",
              "pass": true,
              "fail": false,
              "pending": false,
              "context": null,
              "code": "//EU VOU ATE A PAGINA W29\n    I.amOnPage('https://192.168.1.128:9090/flextotal/user/estoque/conferenciaEntrada/pesquisar')\n    //EU ACEITO POPUP\n    I.acceptPopup()\n    //EU ESPERO\n    I.wait(2)\n    //EU COLOCO O ID GERAL \n    I.fillField('/html/body/my-app/home/mat-sidenav-container/mat-sidenav-content/pesquisa-conferencia-component/div/div[1]/mat-form-field/div/div[1]/div/textarea', '1002704747906 ')\n    //EU ESPERO    \n    I.wait(1)\n    //EU CLICO NO BOTAO PESQUISAR\n    I.click('/html/body/my-app/home/mat-sidenav-container/mat-sidenav-content/pesquisa-conferencia-component/div/div[2]/button')\n    //EU ESPERO PELO TEXTO\n    I.waitForText('Nota Fiscal Nr: 000235 do Fornecedor: 52549 - 1002 UTILIDADES LTDA EPP')\n    //EU ESPERO\n    I.wait(2)\n    //EU CLICO NO BOTAO CONTINUAR\n    I.click('/html/body/my-app/home/mat-sidenav-container/mat-sidenav-content/pesquisa-conferencia-component/div/div[3]/button[1]')\n    I.wait(2)",
              "err": {},
              "uuid": "5e195339-3892-4d34-bbc5-adedd3e98438",
              "parentUUID": "3013b086-22c6-4a95-ab5d-f3a6362c47e4",
              "isHook": false,
              "skipped": false
            },
            {
              "title": "104-03-Conferencia de entrada por unidade - CD Inválido @104-03",
              "fullTitle": "ConferenciaDeEntrada @104: 104-03-Conferencia de entrada por unidade - CD Inválido @104-03",
              "timedOut": false,
              "duration": 3550,
              "state": "passed",
              "speed": "slow",
              "pass": true,
              "fail": false,
              "pending": false,
              "context": null,
              "code": "//EU COLOCO O CD DDE BARRAS DO PRODUTO INVÁLIDO\n    I.fillField('/html/body/my-app/home/mat-sidenav-container/mat-sidenav-content/conferencia-entrada/div/div/form/div[2]/mat-form-field/div/div[1]/div/input', '00001')\n    //EU ESPERO\n    I.wait(1)\n    //EU CLICO NO BOTAO PARA CONTINUAR\n    I.click('/html/body/my-app/home/mat-sidenav-container/mat-sidenav-content/conferencia-entrada/div/div/form/div[2]/button[1]')\n    //EU ADICIONO O LOTE\n    I.wait(2)\n    I.waitForText('Este item não está na tarefa.')",
              "err": {},
              "uuid": "64db5e13-1140-4f33-8595-297ec281f474",
              "parentUUID": "3013b086-22c6-4a95-ab5d-f3a6362c47e4",
              "isHook": false,
              "skipped": false
            },
            {
              "title": "104-04-Conferencia de entrada por unidade - CD Válido @104-04",
              "fullTitle": "ConferenciaDeEntrada @104: 104-04-Conferencia de entrada por unidade - CD Válido @104-04",
              "timedOut": false,
              "duration": 6618,
              "state": "passed",
              "speed": "slow",
              "pass": true,
              "fail": false,
              "pending": false,
              "context": null,
              "code": "//EU RECARREGO A PAGINA\n    I.amOnPage('https://192.168.1.128:9090/flextotal/user/estoque/conferenciaEntrada/1002704747906')\n    I.acceptPopup()\n    //EU COLOCO O CD DDE BARRAS DO PRODUTO\n    I.fillField('/html/body/my-app/home/mat-sidenav-container/mat-sidenav-content/conferencia-entrada/div/div/form/div[2]/mat-form-field/div/div[1]/div/input', '1234')\n    //EU ESPERO\n    I.wait(1)\n    //EU CLICO NO BOTAO PARA CONTINUAR\n    I.click('/html/body/my-app/home/mat-sidenav-container/mat-sidenav-content/conferencia-entrada/div/div/form/div[2]/button[1]')\n    //EU ADICIONO O LOTE\n    I.fillField('/html/body/my-app/home/mat-sidenav-container/mat-sidenav-content/conferencia-entrada/div/div/form/div[4]/div[1]/mat-form-field/div/div[1]/div/input', ' lot uni automacao')\n    //EU COLOCO DATA DE FABRICAÇÃO\n    I.fillField('/html/body/my-app/home/mat-sidenav-container/mat-sidenav-content/conferencia-entrada/div/div/form/div[4]/div[2]/date-picker/mat-form-field/div/div[1]/div[1]/input[1]', '20/01/2023')\n    //EU COLOCO DATA DE VENCIMENTOS\n    I.fillField('/html/body/my-app/home/mat-sidenav-container/mat-sidenav-content/conferencia-entrada/div/div/form/div[4]/div[3]/date-picker/mat-form-field/div/div[1]/div[1]/input[1]', '20/01/2026')\n    I.wait(2)\n    //EU CLICO EM 'CONFIRMAR LOTE'\n    I.click('/html/body/my-app/home/mat-sidenav-container/mat-sidenav-content/conferencia-entrada/div/div/form/div[5]/button[2]')\n    //EU CLICO EM 'NOVO LOTE'\n    I.click('/html/body/my-app/home/mat-sidenav-container/mat-sidenav-content/conferencia-entrada/div/div/form/div[5]/button[1]')\n    I.wait(1)",
              "err": {},
              "uuid": "cae71585-7ac0-45ea-8418-49cead4a98f1",
              "parentUUID": "3013b086-22c6-4a95-ab5d-f3a6362c47e4",
              "isHook": false,
              "skipped": false
            },
            {
              "title": "104-05-Conferencia de entrada por unidade - Menu - Listar Itens @104-05",
              "fullTitle": "ConferenciaDeEntrada @104: 104-05-Conferencia de entrada por unidade - Menu - Listar Itens @104-05",
              "timedOut": false,
              "duration": 6457,
              "state": "passed",
              "speed": "slow",
              "pass": true,
              "fail": false,
              "pending": false,
              "context": null,
              "code": "//EU RECARREGO A PAGINA\n    I.amOnPage('https://192.168.1.128:9090/flextotal/user/estoque/conferenciaEntrada/1002704747906')\n    //ACEITO O POPUP\n    I.acceptPopup()\n    I.click('/html/body/my-app/home/mat-sidenav-container/mat-sidenav-content/conferencia-entrada/div/mat-toolbar/button')\n    I.wait(2)\n    I.click('Listar Itens')\n    I.wait(2)\n    I.waitForText('12125 - CONCENTRADO MAQUINA PRETO (B) 945 ML 96-2 RENNER')",
              "err": {},
              "uuid": "6f2ba210-e377-4987-8ce0-4e8501cc9c48",
              "parentUUID": "3013b086-22c6-4a95-ab5d-f3a6362c47e4",
              "isHook": false,
              "skipped": false
            },
            {
              "title": "104-06-Conferencia de entrada por unidade - Menu - Informar Quantidade inválido @104-06",
              "fullTitle": "ConferenciaDeEntrada @104: 104-06-Conferencia de entrada por unidade - Menu - Informar Quantidade inválido @104-06",
              "timedOut": false,
              "duration": 10816,
              "state": "passed",
              "speed": "slow",
              "pass": true,
              "fail": false,
              "pending": false,
              "context": null,
              "code": "I.amOnPage('https://192.168.1.128:9090/flextotal/user/estoque/conferenciaEntrada/1002704747906')\n    //ACEITO O POPUP\n    I.acceptPopup()\n    //EU CLICO NO BOTAO 'MENU'\n    I.click('/html/body/my-app/home/mat-sidenav-container/mat-sidenav-content/conferencia-entrada/div/mat-toolbar/button')\n    I.wait(2)\n    //EU APERTO EM 'Informar Quantidade'\n    I.click('Informar quantidade')\n    I.wait(2)\n    I.fillField('Informe o código do supervisor','000')\n    I.wait(1)\n    I.click('Ok')\n    I.wait(1)\n    I.waitForText('Código do supervisor inexistente!')\n    I.wait(2)",
              "err": {},
              "uuid": "2a0d3946-7877-44bc-83c0-0e06341fa89e",
              "parentUUID": "3013b086-22c6-4a95-ab5d-f3a6362c47e4",
              "isHook": false,
              "skipped": false
            },
            {
              "title": "104-07-Conferencia de entrada por unidade - Menu - Informar Quantidade válido @104-07",
              "fullTitle": "ConferenciaDeEntrada @104: 104-07-Conferencia de entrada por unidade - Menu - Informar Quantidade válido @104-07",
              "timedOut": false,
              "duration": 10115,
              "state": "passed",
              "speed": "slow",
              "pass": true,
              "fail": false,
              "pending": false,
              "context": null,
              "code": "I.amOnPage('https://192.168.1.128:9090/flextotal/user/estoque/conferenciaEntrada/1002704747906')\n    //ACEITO O POPUP\n    I.acceptPopup()\n    //EU CLICO NO BOTAO 'MENU'\n    I.click('/html/body/my-app/home/mat-sidenav-container/mat-sidenav-content/conferencia-entrada/div/mat-toolbar/button')\n    I.wait(2)\n    //EU APERTO EM 'Informar Quantidade'\n    I.click('Informar quantidade')\n    I.wait(2)\n    I.fillField('Informe o código do supervisor','102')\n    I.wait(1)\n    I.click('Ok')\n    I.waitForText('Supervisor - REGIÃO - LITORAL',10)\n    I.wait(2)",
              "err": {},
              "uuid": "beea2e6b-3cb7-4d1f-9fff-0a70b6840cd1",
              "parentUUID": "3013b086-22c6-4a95-ab5d-f3a6362c47e4",
              "isHook": false,
              "skipped": false
            },
            {
              "title": "104-08-Conferencia de entrada por unidade - Menu - Enviar Pendentes @104-08",
              "fullTitle": "ConferenciaDeEntrada @104: 104-08-Conferencia de entrada por unidade - Menu - Enviar Pendentes @104-08",
              "timedOut": false,
              "duration": 6332,
              "state": "passed",
              "speed": "slow",
              "pass": true,
              "fail": false,
              "pending": false,
              "context": null,
              "code": "I.amOnPage('https://192.168.1.128:9090/flextotal/user/estoque/conferenciaEntrada/1002704747906')\n//ACEITO O POPUP\nI.acceptPopup()\n//EU CLICO NO BOTAO 'MENU'\nI.click('/html/body/my-app/home/mat-sidenav-container/mat-sidenav-content/conferencia-entrada/div/mat-toolbar/button')\nI.wait(2)\n//EU APERTO EM 'Informar Enviar Pendentes'\nI.click('Enviar Pendentes')\nI.wait(2)",
              "err": {},
              "uuid": "b58978ad-8d74-4733-bcff-7fbcb6ed4c98",
              "parentUUID": "3013b086-22c6-4a95-ab5d-f3a6362c47e4",
              "isHook": false,
              "skipped": false
            },
            {
              "title": "104-09-Conferencia de entrada por unidade - Menu - Reiniciar Conferência @104-09",
              "fullTitle": "ConferenciaDeEntrada @104: 104-09-Conferencia de entrada por unidade - Menu - Reiniciar Conferência @104-09",
              "timedOut": false,
              "duration": 10619,
              "state": "passed",
              "speed": "slow",
              "pass": true,
              "fail": false,
              "pending": false,
              "context": null,
              "code": "I.amOnPage('https://192.168.1.128:9090/flextotal/user/estoque/conferenciaEntrada/1002704747906')\n    //ACEITO O POPUP\n    I.acceptPopup()\n    I.wait(2)\n    //EU CLICO NO BOTAO 'MENU'\n    I.click('/html/body/my-app/home/mat-sidenav-container/mat-sidenav-content/conferencia-entrada/div/mat-toolbar/button')\n    I.wait(2)\n    //EU APERTO EM 'REINICIAR CONFERENCIA'\n    I.click('Reiniciar Conferência')\n    I.wait(1)\n    //EU APERTO NO BOTAO SIM\n    I.click('/html/body/div[2]/div[2]/div/mat-dialog-container/confirmation-dialog-component/button[1]')\n    I.wait(5)",
              "err": {},
              "uuid": "83183ce8-2e5d-497e-a09f-89ec278f51d0",
              "parentUUID": "3013b086-22c6-4a95-ab5d-f3a6362c47e4",
              "isHook": false,
              "skipped": false
            }
          ],
          "suites": [],
          "passes": [
            "31e18446-ccef-4306-9a94-fad6960aeec5",
            "5e195339-3892-4d34-bbc5-adedd3e98438",
            "64db5e13-1140-4f33-8595-297ec281f474",
            "cae71585-7ac0-45ea-8418-49cead4a98f1",
            "6f2ba210-e377-4987-8ce0-4e8501cc9c48",
            "2a0d3946-7877-44bc-83c0-0e06341fa89e",
            "beea2e6b-3cb7-4d1f-9fff-0a70b6840cd1",
            "b58978ad-8d74-4733-bcff-7fbcb6ed4c98",
            "83183ce8-2e5d-497e-a09f-89ec278f51d0"
          ],
          "failures": [],
          "pending": [],
          "skipped": [],
          "duration": 66307,
          "root": false,
          "rootEmpty": false,
          "_timeout": 0
        },
        {
          "uuid": "18194989-488e-4e57-9650-887c997593c5",
          "title": "W41-Piking @105",
          "fullFile": "C:\\Users\\flexmobile\\Documents\\AUTOMACOES\\AUTOMACAO-FLEXTOTAL\\Automacao-FLEXTOTAL\\steps\\105-W41-Piking_test.js",
          "file": "\\steps\\105-W41-Piking_test.js",
          "beforeHooks": [
            {
              "title": "\"before all\" hook: codeceptjs.beforeSuite in \"W41-Piking @105\"",
              "fullTitle": "W41-Piking @105 \"before all\" hook: codeceptjs.beforeSuite in \"W41-Piking @105\"",
              "timedOut": false,
              "duration": 0,
              "state": null,
              "speed": null,
              "pass": false,
              "fail": false,
              "pending": false,
              "context": null,
              "code": "scenario.suiteSetup(suite)",
              "err": {},
              "uuid": "ede5de56-b12a-42fa-a461-9b61023a8d0f",
              "parentUUID": "18194989-488e-4e57-9650-887c997593c5",
              "isHook": true,
              "skipped": false
            },
            {
              "title": "\"before each\" hook: codeceptjs.before in \"W41-Piking @105\"",
              "fullTitle": "W41-Piking @105 \"before each\" hook: codeceptjs.before in \"W41-Piking @105\"",
              "timedOut": false,
              "duration": 0,
              "state": null,
              "speed": null,
              "pass": false,
              "fail": false,
              "pending": false,
              "context": null,
              "code": "scenario.setup(suite)",
              "err": {},
              "uuid": "89a2f49e-14a2-42a5-a118-5c1f69d476f9",
              "parentUUID": "18194989-488e-4e57-9650-887c997593c5",
              "isHook": true,
              "skipped": false
            }
          ],
          "afterHooks": [
            {
              "title": "\"after all\" hook: codeceptjs.afterSuite in \"W41-Piking @105\"",
              "fullTitle": "W41-Piking @105 \"after all\" hook: codeceptjs.afterSuite in \"W41-Piking @105\"",
              "timedOut": false,
              "duration": 0,
              "state": null,
              "speed": null,
              "pass": false,
              "fail": false,
              "pending": false,
              "context": null,
              "code": "scenario.suiteTeardown(suite)",
              "err": {},
              "uuid": "c64c29ec-4412-4d67-8cfa-7dcb149d6314",
              "parentUUID": "18194989-488e-4e57-9650-887c997593c5",
              "isHook": true,
              "skipped": false
            },
            {
              "title": "\"after each\" hook: finalize codeceptjs in \"W41-Piking @105\"",
              "fullTitle": "W41-Piking @105 \"after each\" hook: finalize codeceptjs in \"W41-Piking @105\"",
              "timedOut": false,
              "duration": 1,
              "state": null,
              "speed": null,
              "pass": false,
              "fail": false,
              "pending": false,
              "context": null,
              "code": "scenario.teardown(suite)",
              "err": {},
              "uuid": "7f599c7a-18b3-4e4b-88c9-c2765d9057c3",
              "parentUUID": "18194989-488e-4e57-9650-887c997593c5",
              "isHook": true,
              "skipped": false
            }
          ],
          "tests": [
            {
              "title": "105-01 Filtros @104-01",
              "fullTitle": "W41-Piking @105: 105-01 Filtros @104-01",
              "timedOut": false,
              "duration": 4966,
              "state": "passed",
              "speed": "slow",
              "pass": true,
              "fail": false,
              "pending": false,
              "context": null,
              "code": "//EU VOU ATE A PAGINA W29\n    I.amOnPage('https://192.168.1.128:9090/flextotal/user/monitor/W41')\n    //EU ACEITO POPUP\n    I.acceptPopup()\n    //EU ESPERO\n    I.wait(1)\n    //EU ABRO A ABA FILTROS\n    I.click('/html/body/my-app/home/mat-sidenav-container/mat-sidenav-content/monitor-pesquisa-component/div/grid-card-component/div/mat-expansion-panel/mat-expansion-panel-header')\n    I.wait(1)\n    //EU CLICO NO MENU FILTROS 'CONSULTAR POR'\n    I.click('/html/body/my-app/home/mat-sidenav-container/mat-sidenav-content/monitor-pesquisa-component/div/grid-card-component/div/mat-expansion-panel/div/div/div/mat-form-field[1]')\n    I.waitForText('Origem')\n    I.waitForText('Item')\n    I.waitForText('Quantidade')\n    I.waitForText('End. Origem')\n    I.waitForText('End. Destino')\n    I.waitForText('Situação')",
              "err": {},
              "uuid": "32adfc56-1b26-492f-8b95-26a177aa802a",
              "parentUUID": "18194989-488e-4e57-9650-887c997593c5",
              "isHook": false,
              "skipped": false
            },
            {
              "title": "105-02 Filtros - Origem @104-02",
              "fullTitle": "W41-Piking @105: 105-02 Filtros - Origem @104-02",
              "timedOut": false,
              "duration": 4526,
              "state": "passed",
              "speed": "slow",
              "pass": true,
              "fail": false,
              "pending": false,
              "context": null,
              "code": "//EU VOU ATE A PAGINA W29\n    I.amOnPage('https://192.168.1.128:9090/flextotal/user/monitor/W41')\n    //EU ACEITO POPUP\n    I.acceptPopup()\n    //EU ESPERO\n    I.wait(1)\n    //EU ABRO A ABA FILTROS\n    I.click('/html/body/my-app/home/mat-sidenav-container/mat-sidenav-content/monitor-pesquisa-component/div/grid-card-component/div/mat-expansion-panel/mat-expansion-panel-header')\n    I.wait(1)\n    //EU CLICO NO MENU FILTROS 'CONSULTAR POR'\n    I.click('/html/body/my-app/home/mat-sidenav-container/mat-sidenav-content/monitor-pesquisa-component/div/grid-card-component/div/mat-expansion-panel/div/div/div/mat-form-field[1]')\n    //EU CLICO EM ORIGEM\n    I.click('//*[@id=\"mat-option-0\"]')\n    //EU CLICO NO BOTAO PESQUISAR\n    I.click('//*[@id=\"cdk-accordion-child-0\"]/div/div/mat-form-field[3]/div/div[1]/div[2]/button')\n    I.wait(1)",
              "err": {},
              "uuid": "01b7ffaa-3fc0-4d77-92db-d3549ec5435c",
              "parentUUID": "18194989-488e-4e57-9650-887c997593c5",
              "isHook": false,
              "skipped": false
            },
            {
              "title": "105-03 Filtros - Quantidade @104-03",
              "fullTitle": "W41-Piking @105: 105-03 Filtros - Quantidade @104-03",
              "timedOut": false,
              "duration": 6010,
              "state": "passed",
              "speed": "slow",
              "pass": true,
              "fail": false,
              "pending": false,
              "context": null,
              "code": "//EU VOU ATE A PAGINA W29\n    I.amOnPage('https://192.168.1.128:9090/flextotal/user/monitor/W41')\n    //EU ACEITO POPUP\n    I.acceptPopup()\n    //EU ESPERO\n    I.wait(1)\n    //EU ABRO A ABA FILTROS\n    I.click('/html/body/my-app/home/mat-sidenav-container/mat-sidenav-content/monitor-pesquisa-component/div/grid-card-component/div/mat-expansion-panel/mat-expansion-panel-header')\n    I.wait(1)\n    //EU CLICO NO MENU FILTROS 'CONSULTAR POR'\n    I.click('/html/body/my-app/home/mat-sidenav-container/mat-sidenav-content/monitor-pesquisa-component/div/grid-card-component/div/mat-expansion-panel/div/div/div/mat-form-field[1]')\n    //EU CLICO EM QUANTIDADES\n    I.click('//*[@id=\"mat-option-2\"]')\n    I.wait(1)\n    //EU COLOCO A QUANTIDADE '10'\n    I.fillField('/html/body/my-app/home/mat-sidenav-container/mat-sidenav-content/monitor-pesquisa-component/div/grid-card-component/div/mat-expansion-panel/div/div/div/mat-form-field[3]/div/div[1]/div[1]/input','10')\n    I.wait(1)",
              "err": {},
              "uuid": "61aa4ef3-4107-4045-a440-8266c30522fd",
              "parentUUID": "18194989-488e-4e57-9650-887c997593c5",
              "isHook": false,
              "skipped": false
            },
            {
              "title": "105-04 Filtros - Fim. End Origem @104-04",
              "fullTitle": "W41-Piking @105: 105-04 Filtros - Fim. End Origem @104-04",
              "timedOut": false,
              "duration": 6239,
              "state": "passed",
              "speed": "slow",
              "pass": true,
              "fail": false,
              "pending": false,
              "context": null,
              "code": "//EU VOU ATE A PAGINA W29\n    I.amOnPage('https://192.168.1.128:9090/flextotal/user/monitor/W41')\n    //EU ACEITO POPUP\n    I.acceptPopup()\n    //EU ESPERO\n    I.wait(1)\n    //EU ABRO A ABA FILTROS\n    I.click('/html/body/my-app/home/mat-sidenav-container/mat-sidenav-content/monitor-pesquisa-component/div/grid-card-component/div/mat-expansion-panel/mat-expansion-panel-header')\n    I.wait(1)\n    //EU CLICO NO MENU FILTROS 'CONSULTAR POR'\n    I.click('/html/body/my-app/home/mat-sidenav-container/mat-sidenav-content/monitor-pesquisa-component/div/grid-card-component/div/mat-expansion-panel/div/div/div/mat-form-field[1]')\n    //EU CLICO EM QUANTIDADES\n    I.click('//*[@id=\"mat-option-3\"]')\n    I.wait(1)\n    //EU COLOCO NO CAMPO BUSCA '10-1-08-04-1-B-1'\n    I.fillField('/html/body/my-app/home/mat-sidenav-container/mat-sidenav-content/monitor-pesquisa-component/div/grid-card-component/div/mat-expansion-panel/div/div/div/mat-form-field[3]/div/div[1]/div[1]/input',' 10-1-08-04-1-B-1')\n    I.wait(1)",
              "err": {},
              "uuid": "d6b4a49d-a4d4-47d9-8e2f-c3fff500a2bc",
              "parentUUID": "18194989-488e-4e57-9650-887c997593c5",
              "isHook": false,
              "skipped": false
            },
            {
              "title": "105-05 Filtros - Fim. Destino @104-05",
              "fullTitle": "W41-Piking @105: 105-05 Filtros - Fim. Destino @104-05",
              "timedOut": false,
              "duration": 5990,
              "state": "passed",
              "speed": "slow",
              "pass": true,
              "fail": false,
              "pending": false,
              "context": null,
              "code": "//EU VOU ATE A PAGINA W29\n    I.amOnPage('https://192.168.1.128:9090/flextotal/user/monitor/W41')\n    //EU ACEITO POPUP\n    I.acceptPopup()\n    //EU ESPERO\n    I.wait(1)\n    //EU ABRO A ABA FILTROS\n    I.click('/html/body/my-app/home/mat-sidenav-container/mat-sidenav-content/monitor-pesquisa-component/div/grid-card-component/div/mat-expansion-panel/mat-expansion-panel-header')\n    I.wait(1)\n    //EU CLICO NO MENU FILTROS 'CONSULTAR POR'\n    I.click('/html/body/my-app/home/mat-sidenav-container/mat-sidenav-content/monitor-pesquisa-component/div/grid-card-component/div/mat-expansion-panel/div/div/div/mat-form-field[1]')\n    //EU CLICO EM 'Fim. Destino'\n    I.click('//*[@id=\"mat-option-4\"]')\n    I.wait(1)\n    //EU COLOCO NO CAMPO BUSCA '10-1-08-04-0-B-200'\n    I.fillField('/html/body/my-app/home/mat-sidenav-container/mat-sidenav-content/monitor-pesquisa-component/div/grid-card-component/div/mat-expansion-panel/div/div/div/mat-form-field[3]/div/div[1]/div[1]/input','10-1-08-04-0-B-200')\n    I.wait(1)",
              "err": {},
              "uuid": "daf93e53-6842-4ed1-b1e3-5040292f1c23",
              "parentUUID": "18194989-488e-4e57-9650-887c997593c5",
              "isHook": false,
              "skipped": false
            },
            {
              "title": "105-06 Filtros - Situação @104-06",
              "fullTitle": "W41-Piking @105: 105-06 Filtros - Situação @104-06",
              "timedOut": false,
              "duration": 5967,
              "state": "passed",
              "speed": "slow",
              "pass": true,
              "fail": false,
              "pending": false,
              "context": null,
              "code": "//EU VOU ATE A PAGINA W29\n    I.amOnPage('https://192.168.1.128:9090/flextotal/user/monitor/W41')\n    //EU ACEITO POPUP\n    I.acceptPopup()\n    //EU ESPERO\n    I.wait(1)\n    //EU ABRO A ABA FILTROS\n    I.click('/html/body/my-app/home/mat-sidenav-container/mat-sidenav-content/monitor-pesquisa-component/div/grid-card-component/div/mat-expansion-panel/mat-expansion-panel-header')\n    I.wait(1)\n    //EU CLICO NO MENU FILTROS 'CONSULTAR POR'\n    I.click('/html/body/my-app/home/mat-sidenav-container/mat-sidenav-content/monitor-pesquisa-component/div/grid-card-component/div/mat-expansion-panel/div/div/div/mat-form-field[1]')\n    //EU CLICO EM 'SITUAÇÃO'\n    I.click('//*[@id=\"mat-option-5\"]')\n    I.wait(1)\n    //EU COLOCO NO CAMPO BUSCA 'EM ANDAMENTO'\n    I.fillField('/html/body/my-app/home/mat-sidenav-container/mat-sidenav-content/monitor-pesquisa-component/div/grid-card-component/div/mat-expansion-panel/div/div/div/mat-form-field[3]/div/div[1]/div[1]/input','EM ANDAMENTO')\n    I.wait(1)",
              "err": {},
              "uuid": "f6b9a761-32ed-49d8-b075-06e58b030fa6",
              "parentUUID": "18194989-488e-4e57-9650-887c997593c5",
              "isHook": false,
              "skipped": false
            },
            {
              "title": "105-07 Filtros - Eu ia. Tarefa @104-07",
              "fullTitle": "W41-Piking @105: 105-07 Filtros - Eu ia. Tarefa @104-07",
              "timedOut": false,
              "duration": 7469,
              "state": "passed",
              "speed": "slow",
              "pass": true,
              "fail": false,
              "pending": false,
              "context": null,
              "code": "//EU VOU ATE A PAGINA W29\n  I.amOnPage('https://192.168.1.128:9090/flextotal/user/monitor/W41')\n  //EU ACEITO POPUP\n  I.acceptPopup()\n  //EU ESPERO\n  I.wait(1)\n  //EU ABRO A ABA FILTROS\n  I.click('/html/body/my-app/home/mat-sidenav-container/mat-sidenav-content/monitor-pesquisa-component/div/grid-card-component/div/mat-expansion-panel/mat-expansion-panel-header')\n  I.wait(1)\n  //EU CLICO NO MENU FILTROS 'CONSULTAR POR'\n  I.click('/html/body/my-app/home/mat-sidenav-container/mat-sidenav-content/monitor-pesquisa-component/div/grid-card-component/div/mat-expansion-panel/div/div/div/mat-form-field[1]')\n  I.scrollIntoView('//*[@id=\"mat-option-7\"]/span')\n  I.wait(1)\n  // EU CLICO EM 'EU IA. TAREFA'\n  I.click('//*[@id=\"mat-option-7\"]')\n  I.wait(1)\n  //EU COLOCO NO CAMPO BUSCA '1002675054409'\n  I.fillField('/html/body/my-app/home/mat-sidenav-container/mat-sidenav-content/monitor-pesquisa-component/div/grid-card-component/div/mat-expansion-panel/div/div/div/mat-form-field[3]/div/div[1]/div[1]/input','1002675054406')\n  //EU CLICO NO BOTAO PESQUISAR\n  I.click('//*[@id=\"cdk-accordion-child-0\"]/div/div/mat-form-field[3]/div/div[1]/div[2]/button')\n  I.waitForText('10-1-08-04-0-B-200')\n  I.wait(1)",
              "err": {},
              "uuid": "bef6a791-932e-494d-b612-eb679f245228",
              "parentUUID": "18194989-488e-4e57-9650-887c997593c5",
              "isHook": false,
              "skipped": false
            }
          ],
          "suites": [],
          "passes": [
            "32adfc56-1b26-492f-8b95-26a177aa802a",
            "01b7ffaa-3fc0-4d77-92db-d3549ec5435c",
            "61aa4ef3-4107-4045-a440-8266c30522fd",
            "d6b4a49d-a4d4-47d9-8e2f-c3fff500a2bc",
            "daf93e53-6842-4ed1-b1e3-5040292f1c23",
            "f6b9a761-32ed-49d8-b075-06e58b030fa6",
            "bef6a791-932e-494d-b612-eb679f245228"
          ],
          "failures": [],
          "pending": [],
          "skipped": [],
          "duration": 41167,
          "root": false,
          "rootEmpty": false,
          "_timeout": 0
        },
        {
          "uuid": "c0cd83bb-1ee4-406c-953c-02f57db1d2e0",
          "title": "Favoritos @106",
          "fullFile": "C:\\Users\\flexmobile\\Documents\\AUTOMACOES\\AUTOMACAO-FLEXTOTAL\\Automacao-FLEXTOTAL\\steps\\106-Favoritos_test.js",
          "file": "\\steps\\106-Favoritos_test.js",
          "beforeHooks": [
            {
              "title": "\"before all\" hook: codeceptjs.beforeSuite in \"Favoritos @106\"",
              "fullTitle": "Favoritos @106 \"before all\" hook: codeceptjs.beforeSuite in \"Favoritos @106\"",
              "timedOut": false,
              "duration": 0,
              "state": null,
              "speed": null,
              "pass": false,
              "fail": false,
              "pending": false,
              "context": null,
              "code": "scenario.suiteSetup(suite)",
              "err": {},
              "uuid": "41b4ec50-ca26-4ce2-8b09-9fe4a32afb1b",
              "parentUUID": "c0cd83bb-1ee4-406c-953c-02f57db1d2e0",
              "isHook": true,
              "skipped": false
            },
            {
              "title": "\"before each\" hook: codeceptjs.before in \"Favoritos @106\"",
              "fullTitle": "Favoritos @106 \"before each\" hook: codeceptjs.before in \"Favoritos @106\"",
              "timedOut": false,
              "duration": 1,
              "state": null,
              "speed": null,
              "pass": false,
              "fail": false,
              "pending": false,
              "context": null,
              "code": "scenario.setup(suite)",
              "err": {},
              "uuid": "aa52f36b-f6f5-48c6-9d61-646659953631",
              "parentUUID": "c0cd83bb-1ee4-406c-953c-02f57db1d2e0",
              "isHook": true,
              "skipped": false
            }
          ],
          "afterHooks": [
            {
              "title": "\"after all\" hook: codeceptjs.afterSuite in \"Favoritos @106\"",
              "fullTitle": "Favoritos @106 \"after all\" hook: codeceptjs.afterSuite in \"Favoritos @106\"",
              "timedOut": false,
              "duration": 0,
              "state": null,
              "speed": null,
              "pass": false,
              "fail": false,
              "pending": false,
              "context": null,
              "code": "scenario.suiteTeardown(suite)",
              "err": {},
              "uuid": "42a94a3e-330a-4a35-bb8c-0b619109763c",
              "parentUUID": "c0cd83bb-1ee4-406c-953c-02f57db1d2e0",
              "isHook": true,
              "skipped": false
            },
            {
              "title": "\"after each\" hook: finalize codeceptjs in \"Favoritos @106\"",
              "fullTitle": "Favoritos @106 \"after each\" hook: finalize codeceptjs in \"Favoritos @106\"",
              "timedOut": false,
              "duration": 0,
              "state": null,
              "speed": null,
              "pass": false,
              "fail": false,
              "pending": false,
              "context": null,
              "code": "scenario.teardown(suite)",
              "err": {},
              "uuid": "b3deee72-0e89-4891-ad76-5694bf698dc3",
              "parentUUID": "c0cd83bb-1ee4-406c-953c-02f57db1d2e0",
              "isHook": true,
              "skipped": false
            }
          ],
          "tests": [
            {
              "title": "106-01 Relatorios de vendas @106-01",
              "fullTitle": "Favoritos @106: 106-01 Relatorios de vendas @106-01",
              "timedOut": false,
              "duration": 15468,
              "state": "passed",
              "speed": "slow",
              "pass": true,
              "fail": false,
              "pending": false,
              "context": null,
              "code": "I.amOnPage('https://192.168.1.128:9090/flextotal/user/favoritos')\n    I.acceptPopup('')\n    I.wait(2)\n    I.click('/html/body/my-app/home/mat-sidenav-container/mat-sidenav-content/favoritos/div/mat-card[1]')\n    I.wait(1)\n    I.fillField('//*[@id=\"mat-input-2\"]','01/01/2017')\n    I.fillField('//*[@id=\"mat-input-3\"]','01/01/2020')\n    I.click('//*[@id=\"cdk-accordion-child-0\"]/div/relatorio-filtros/form/div[3]/button[1]')\n    I.wait(3)\n    I.waitForText('Resultado')\n    I.click('/html/body/my-app/home/mat-sidenav-container/mat-sidenav-content/relatorio-container-component/div/relatorio-component/div/button')\n    I.wait(1)\n    I.click('/html/body/my-app/home/mat-sidenav-container/mat-sidenav-content/relatorio-container-component/div/relatorio-component/div/mat-expansion-panel[2]')\n    I.wait(2)\n    I.scrollIntoView('/html/body/my-app/home/mat-sidenav-container/mat-sidenav-content/relatorio-container-component/div/relatorio-component/div/button')\n    I.wait(1)\n    I.click('/html/body/my-app/home/mat-sidenav-container/mat-sidenav-content/relatorio-container-component/div/relatorio-component/div/mat-expansion-panel[2]/div/div/relatorio-cubo-component/div/mat-expansion-panel/mat-expansion-panel-header/span[1]/mat-panel-title')\n    I.wait('3')",
              "err": {},
              "uuid": "a3ccb798-5771-4724-b78e-6c148b898742",
              "parentUUID": "c0cd83bb-1ee4-406c-953c-02f57db1d2e0",
              "isHook": false,
              "skipped": false
            },
            {
              "title": "106-02 Consulta sequencia do item da NFe - Nota eletronica - Erro sefaz @106-02",
              "fullTitle": "Favoritos @106: 106-02 Consulta sequencia do item da NFe - Nota eletronica - Erro sefaz @106-02",
              "timedOut": false,
              "duration": 7871,
              "state": "failed",
              "speed": null,
              "pass": false,
              "fail": true,
              "pending": false,
              "context": null,
              "code": "I.amOnPage('https://192.168.1.128:9090/flextotal/user/favoritos')\n    I.acceptPopup('')\n    I.wait(2)\n    I.click('/html/body/my-app/home/mat-sidenav-container/mat-sidenav-content/favoritos/div/mat-card[2]')\n    I.wait(2)\n    I.waitForText('Nota Fiscal')\n    I.click('/html/body/my-app/home/mat-sidenav-container/mat-sidenav-content/relatorio-container-component/div/mat-expansion-panel/div/div/relatorio-filtros/form/div[1]/input-lookup/mat-form-field[2]')\n    I.wait(2)\n    I.fillField('/html/body/my-app/home/mat-sidenav-container/mat-sidenav-content/relatorio-container-component/div/mat-expansion-panel/div/div/relatorio-filtros/form/div[1]/input-lookup/mat-form-field[1]','1002702236791')\n    I.wait(100)\n    // I.click('Nota Fiscal' ,'1002702236791')\n    // I.wait(100)",
              "err": {
                "message": "invalid element state: invalid element state\n  (Session info: chrome=114.0.5735.110)",
                "estack": "invalid element state: invalid element state\n  (Session info: chrome=114.0.5735.110)\n    at getErrorFromResponseBody (file:///C:/Users/flexmobile/Documents/AUTOMACOES/AUTOMACAO-FLEXTOTAL/Automacao-FLEXTOTAL/node_modules/webdriver/build/utils.js:194:12)\n    at NodeJSRequest._request (file:///C:/Users/flexmobile/Documents/AUTOMACOES/AUTOMACAO-FLEXTOTAL/Automacao-FLEXTOTAL/node_modules/webdriver/build/request/index.js:164:23)\n    at process.processTicksAndRejections (node:internal/process/task_queues:95:5)\n    at async Element.wrapCommandFn (file:///C:/Users/flexmobile/Documents/AUTOMACOES/AUTOMACAO-FLEXTOTAL/Automacao-FLEXTOTAL/node_modules/@wdio/utils/build/shim.js:72:29)\n    at async Element.wrapCommandFn (file:///C:/Users/flexmobile/Documents/AUTOMACOES/AUTOMACAO-FLEXTOTAL/Automacao-FLEXTOTAL/node_modules/@wdio/utils/build/shim.js:72:29)\n    at async Element.elementErrorHandlerCallbackFn (file:///C:/Users/flexmobile/Documents/AUTOMACOES/AUTOMACAO-FLEXTOTAL/Automacao-FLEXTOTAL/node_modules/webdriverio/build/middlewares.js:18:32)\n    at async Element.wrapCommandFn (file:///C:/Users/flexmobile/Documents/AUTOMACOES/AUTOMACAO-FLEXTOTAL/Automacao-FLEXTOTAL/node_modules/@wdio/utils/build/shim.js:72:29)\n    at async Element.wrapCommandFn (file:///C:/Users/flexmobile/Documents/AUTOMACOES/AUTOMACAO-FLEXTOTAL/Automacao-FLEXTOTAL/node_modules/@wdio/utils/build/shim.js:72:29)\n    at async Element.elementErrorHandlerCallbackFn (file:///C:/Users/flexmobile/Documents/AUTOMACOES/AUTOMACAO-FLEXTOTAL/Automacao-FLEXTOTAL/node_modules/webdriverio/build/middlewares.js:18:32)\n    at async Element.wrapCommandFn (file:///C:/Users/flexmobile/Documents/AUTOMACOES/AUTOMACAO-FLEXTOTAL/Automacao-FLEXTOTAL/node_modules/@wdio/utils/build/shim.js:72:29)",
                "diff": null
              },
              "uuid": "05734a3b-b4e3-4f8b-a117-6fd2cf41c06c",
              "parentUUID": "c0cd83bb-1ee4-406c-953c-02f57db1d2e0",
              "isHook": false,
              "skipped": false
            }
          ],
          "suites": [],
          "passes": [
            "a3ccb798-5771-4724-b78e-6c148b898742"
          ],
          "failures": [
            "05734a3b-b4e3-4f8b-a117-6fd2cf41c06c"
          ],
          "pending": [],
          "skipped": [],
          "duration": 23339,
          "root": false,
          "rootEmpty": false,
          "_timeout": 0
        },
        {
          "uuid": "7bbc46ac-1b1f-4303-bff9-f3e669bf394e",
          "title": "TransferenciaDeEstoque @107",
          "fullFile": "C:\\Users\\flexmobile\\Documents\\AUTOMACOES\\AUTOMACAO-FLEXTOTAL\\Automacao-FLEXTOTAL\\steps\\107-TransferenciaDeEstoque_test.js",
          "file": "\\steps\\107-TransferenciaDeEstoque_test.js",
          "beforeHooks": [
            {
              "title": "\"before all\" hook: codeceptjs.beforeSuite in \"TransferenciaDeEstoque @107\"",
              "fullTitle": "TransferenciaDeEstoque @107 \"before all\" hook: codeceptjs.beforeSuite in \"TransferenciaDeEstoque @107\"",
              "timedOut": false,
              "duration": 0,
              "state": null,
              "speed": null,
              "pass": false,
              "fail": false,
              "pending": false,
              "context": null,
              "code": "scenario.suiteSetup(suite)",
              "err": {},
              "uuid": "78766222-98c3-4c5c-9015-f3eda30e9c27",
              "parentUUID": "7bbc46ac-1b1f-4303-bff9-f3e669bf394e",
              "isHook": true,
              "skipped": false
            },
            {
              "title": "\"before each\" hook: codeceptjs.before in \"TransferenciaDeEstoque @107\"",
              "fullTitle": "TransferenciaDeEstoque @107 \"before each\" hook: codeceptjs.before in \"TransferenciaDeEstoque @107\"",
              "timedOut": false,
              "duration": 0,
              "state": null,
              "speed": null,
              "pass": false,
              "fail": false,
              "pending": false,
              "context": null,
              "code": "scenario.setup(suite)",
              "err": {},
              "uuid": "f71725ae-0e1d-4dd0-9f4e-c95eb0c2001e",
              "parentUUID": "7bbc46ac-1b1f-4303-bff9-f3e669bf394e",
              "isHook": true,
              "skipped": false
            }
          ],
          "afterHooks": [
            {
              "title": "\"after all\" hook: codeceptjs.afterSuite in \"TransferenciaDeEstoque @107\"",
              "fullTitle": "TransferenciaDeEstoque @107 \"after all\" hook: codeceptjs.afterSuite in \"TransferenciaDeEstoque @107\"",
              "timedOut": false,
              "duration": 1,
              "state": null,
              "speed": null,
              "pass": false,
              "fail": false,
              "pending": false,
              "context": null,
              "code": "scenario.suiteTeardown(suite)",
              "err": {},
              "uuid": "0c005b68-b14b-4c45-a02a-5ce44f52a059",
              "parentUUID": "7bbc46ac-1b1f-4303-bff9-f3e669bf394e",
              "isHook": true,
              "skipped": false
            },
            {
              "title": "\"after each\" hook: finalize codeceptjs in \"TransferenciaDeEstoque @107\"",
              "fullTitle": "TransferenciaDeEstoque @107 \"after each\" hook: finalize codeceptjs in \"TransferenciaDeEstoque @107\"",
              "timedOut": false,
              "duration": 0,
              "state": null,
              "speed": null,
              "pass": false,
              "fail": false,
              "pending": false,
              "context": null,
              "code": "scenario.teardown(suite)",
              "err": {},
              "uuid": "5bdb6861-1615-4577-963f-05e356681b8e",
              "parentUUID": "7bbc46ac-1b1f-4303-bff9-f3e669bf394e",
              "isHook": true,
              "skipped": false
            }
          ],
          "tests": [
            {
              "title": "107-01 Endereço de origem inválido @107-01",
              "fullTitle": "TransferenciaDeEstoque @107: 107-01 Endereço de origem inválido @107-01",
              "timedOut": false,
              "duration": 4496,
              "state": "passed",
              "speed": "slow",
              "pass": true,
              "fail": false,
              "pending": false,
              "context": null,
[...]
              "timedOut": false,
              "duration": 10458,
              "state": "passed",
              "speed": "slow",
              "pass": true,
              "fail": false,
              "pending": false,
              "context": null,
              "code": "//EU VOU PARA A PAGINA 'TRANSFERENCIA DE ESTOUQE'\n    I.amOnPage('https://192.168.1.128:9090/flextotal/user/estoque/transferencia/home/transferencia')\n    //EU ACEITO O POPUP\n    I.acceptPopup('')\n    //EU AGUARDO\n    I.wait(2)\n    //EU COLOCO O CODIGO DE ORIGEM CORRETO\n    I.fillField('/html/body/my-app/home/mat-sidenav-container/mat-sidenav-content/trasnferencia-estoque-home/transferencia-estoque-component/div/form/div[1]/mat-form-field/div/div[1]/div/input', '1002198017019')\n    //EU CLICO NO BOTAO PARA CONTINUAR\n    I.click('/html/body/my-app/home/mat-sidenav-container/mat-sidenav-content/trasnferencia-estoque-home/transferencia-estoque-component/div/form/div[1]/button[1]')\n    //EU COLOCO O CD DE BARRAS DO PRODUTO PRA VERIFICAR SE CHEGOU NESSA PARTE\n    I.fillField('/html/body/my-app/home/mat-sidenav-container/mat-sidenav-content/trasnferencia-estoque-home/transferencia-estoque-component/div/form/div[3]/mat-form-field/div/div[1]/div/input', '07558')\n    //EU AGUARDO\n    I.wait(2)\n    //EU AGUARDO\n    I.click('/html/body/my-app/home/mat-sidenav-container/mat-sidenav-content/trasnferencia-estoque-home/transferencia-estoque-component/div/form/div[3]/button[1]')\n    I.wait(3)\n    I.waitForText('Dt.Validade:')\n    I.waitForText('Dt.Fabricacao:')\n    I.waitForText('Lote:')\n    //EU ADICIONE '1' EM QUANTIDADE\n    I.fillField('/html/body/my-app/home/mat-sidenav-container/mat-sidenav-content/trasnferencia-estoque-home/transferencia-estoque-component/div/form/div[6]/mat-form-field[1]/div/div[1]/div/input', '999999999')\n    I.wait(2)\n    //EU CLICO NO BOTAO SOMAR \n    I.click('SOMAR')\n    I.waitForText('Quantidade maior do que em estoque no endereço!')",
              "err": {},
              "uuid": "c66110db-7383-4390-bed5-f5d39815329b",
              "parentUUID": "7bbc46ac-1b1f-4303-bff9-f3e669bf394e",
              "isHook": false,
              "skipped": false
            },
            {
              "title": "107-04 Transferencia de produto por Unidade - Destino inválido @107-04",
              "fullTitle": "TransferenciaDeEstoque @107: 107-04 Transferencia de produto por Unidade - Destino inválido @107-04",
              "timedOut": false,
              "duration": 19385,
              "state": "passed",
              "speed": "slow",
              "pass": true,
              "fail": false,
              "pending": false,
              "context": null,
              "code": "//EU VOU PARA A PAGINA 'TRANSFERENCIA DE ESTOUQE'\n    I.amOnPage('https://192.168.1.128:9090/flextotal/user/estoque/transferencia/home/transferencia')\n    //EU ACEITO O POPUP\n    I.acceptPopup('')\n    //EU AGUARDO\n    I.wait(2)\n    //EU COLOCO O CODIGO DE ORIGEM CORRETO\n    I.fillField('/html/body/my-app/home/mat-sidenav-container/mat-sidenav-content/trasnferencia-estoque-home/transferencia-estoque-component/div/form/div[1]/mat-form-field/div/div[1]/div/input', '1002198017019')\n    //EU CLICO NO BOTAO PARA CONTINUAR\n    I.click('/html/body/my-app/home/mat-sidenav-container/mat-sidenav-content/trasnferencia-estoque-home/transferencia-estoque-component/div/form/div[1]/button[1]')\n    //EU COLOCO O CD DE BARRAS DO PRODUTO PRA VERIFICAR SE CHEGOU NESSA PARTE\n    I.fillField('/html/body/my-app/home/mat-sidenav-container/mat-sidenav-content/trasnferencia-estoque-home/transferencia-estoque-component/div/form/div[3]/mat-form-field/div/div[1]/div/input', '07558')\n    //EU AGUARDO\n    I.wait(2)\n    //EU AGUARDO\n    I.click('/html/body/my-app/home/mat-sidenav-container/mat-sidenav-content/trasnferencia-estoque-home/transferencia-estoque-component/div/form/div[3]/button[1]')\n    I.wait(3)\n    I.waitForText('Dt.Validade:')\n    I.waitForText('Dt.Fabricacao:')\n    I.waitForText('Lote:')\n    //EU ADICIONO o CD BARRA SOMAR 12345 EM 'CD DE BARRAS SOMAR'\n    I.fillField('/html/body/my-app/home/mat-sidenav-container/mat-sidenav-content/trasnferencia-estoque-home/transferencia-estoque-component/div/form/div[5]/mat-form-field/div/div[1]/div/input', '7898493996633')\n    //EU CLICO NO BOTAO PARA ADICIONAR\n    I.click('/html/body/my-app/home/mat-sidenav-container/mat-sidenav-content/trasnferencia-estoque-home/transferencia-estoque-component/div/form/div[5]/button[1]')\n    I.wait(2)\n    //EU ADICIONE '1' EM QUANTIDADE\n    I.fillField('/html/body/my-app/home/mat-sidenav-container/mat-sidenav-content/trasnferencia-estoque-home/transferencia-estoque-component/div/form/div[6]/mat-form-field[1]/div/div[1]/div/input', '1')\n    I.wait(2)\n    //EU CLICO NO BOTAO SOMAR \n    I.click('SOMAR')\n    I.wait(2)\n    //EU ADICIONO AO ENDEREÇO DE DESTINO O ID 1000121199293 QUE É PEND.ARMAZENAMENTO\n    I.fillField('/html/body/my-app/home/mat-sidenav-container/mat-sidenav-content/trasnferencia-estoque-home/transferencia-estoque-component/div/form/div[7]/mat-form-field/div/div[1]/div/input', '000000000')\n    I.wait(1)\n    //EU CLICO NO BOTAO PARA ADICIONAR\n    I.click('/html/body/my-app/home/mat-sidenav-container/mat-sidenav-content/trasnferencia-estoque-home/transferencia-estoque-component/div/form/div[7]/button[1]')\n    I.waitForText('Endereço código 0 não localizado!')\n    I.wait(3)",
              "err": {},
              "uuid": "529a8d1f-6ce4-4d30-bcdf-d1532023b35c",
              "parentUUID": "7bbc46ac-1b1f-4303-bff9-f3e669bf394e",
              "isHook": false,
              "skipped": false
            },
            {
              "title": "107-05 Transferencia de produto por Unidade Válido @107-05",
              "fullTitle": "TransferenciaDeEstoque @107: 107-05 Transferencia de produto por Unidade Válido @107-05",
              "timedOut": false,
              "duration": 26636,
              "state": "passed",
              "speed": "slow",
              "pass": true,
              "fail": false,
              "pending": false,
              "context": null,
              "code": "//EU VOU PARA A PAGINA 'TRANSFERENCIA DE ESTOUQE'\n    I.amOnPage('https://192.168.1.128:9090/flextotal/user/estoque/transferencia/home/transferencia')\n    //EU ACEITO O POPUP\n    I.acceptPopup('')\n    //EU AGUARDO\n    I.wait(2)\n    //EU COLOCO O CODIGO DE ORIGEM CORRETO\n    I.fillField('/html/body/my-app/home/mat-sidenav-container/mat-sidenav-content/trasnferencia-estoque-home/transferencia-estoque-component/div/form/div[1]/mat-form-field/div/div[1]/div/input', '1002198017019')\n    //EU CLICO NO BOTAO PARA CONTINUAR\n    I.click('/html/body/my-app/home/mat-sidenav-container/mat-sidenav-content/trasnferencia-estoque-home/transferencia-estoque-component/div/form/div[1]/button[1]')\n    //EU COLOCO O CD DE BARRAS DO PRODUTO PRA VERIFICAR SE CHEGOU NESSA PARTE\n    I.fillField('/html/body/my-app/home/mat-sidenav-container/mat-sidenav-content/trasnferencia-estoque-home/transferencia-estoque-component/div/form/div[3]/mat-form-field/div/div[1]/div/input', '07558')\n    //EU AGUARDO\n    I.wait(2)\n    //EU AGUARDO\n    I.click('/html/body/my-app/home/mat-sidenav-container/mat-sidenav-content/trasnferencia-estoque-home/transferencia-estoque-component/div/form/div[3]/button[1]')\n    I.wait(3)\n    I.waitForText('Dt.Validade:')\n    I.waitForText('Dt.Fabricacao:')\n    I.waitForText('Lote:')\n    //EU ADICIONO o CD BARRA SOMAR 12345 EM 'CD DE BARRAS SOMAR'\n    I.fillField('/html/body/my-app/home/mat-sidenav-container/mat-sidenav-content/trasnferencia-estoque-home/transferencia-estoque-component/div/form/div[5]/mat-form-field/div/div[1]/div/input', '7898493996633')\n    //EU CLICO NO BOTAO PARA ADICIONAR\n    I.click('/html/body/my-app/home/mat-sidenav-container/mat-sidenav-content/trasnferencia-estoque-home/transferencia-estoque-component/div/form/div[5]/button[1]')\n    I.wait(2)\n    //EU ADICIONE '1' EM QUANTIDADE\n    I.fillField('/html/body/my-app/home/mat-sidenav-container/mat-sidenav-content/trasnferencia-estoque-home/transferencia-estoque-component/div/form/div[6]/mat-form-field[1]/div/div[1]/div/input', '1')\n    I.wait(2)\n    //EU CLICO NO BOTAO SOMAR \n    I.click('SOMAR')\n    I.wait(2)\n    //EU ADICIONO AO ENDEREÇO DE DESTINO O ID 1000121199293 QUE É PEND.ARMAZENAMENTO\n    I.fillField('/html/body/my-app/home/mat-sidenav-container/mat-sidenav-content/trasnferencia-estoque-home/transferencia-estoque-component/div/form/div[7]/mat-form-field/div/div[1]/div/input', '1000121199293')\n    I.wait(2)\n    //EU CLICO NO BOTAO PARA ADICIONAR\n    I.click('/html/body/my-app/home/mat-sidenav-container/mat-sidenav-content/trasnferencia-estoque-home/transferencia-estoque-component/div/form/div[7]/button[1]')\n    I.wait(2)\n    //EU CLICO NO BOTAO 'CONFIRMAR'\n    I.click('/html/body/my-app/home/mat-sidenav-container/mat-sidenav-content/trasnferencia-estoque-home/transferencia-estoque-component/div/form/div[9]/button[1]')\n    I.wait(2)\n    //EU CLICO NO BOTAO 'SIM'\n    I.click('SIM')\n    I.wait(2)\n    //EU ESPERO PELA MENSAGEM 'Transferência realizada com sucesso!'\n    I.waitForText('Transferência realizada com sucesso!')\n    I.wait(3)",
              "err": {},
              "uuid": "918be7a7-fcda-461b-9b7e-a7dd1f12a249",
              "parentUUID": "7bbc46ac-1b1f-4303-bff9-f3e669bf394e",
              "isHook": false,
              "skipped": false
            },
            {
              "title": "107-06 Transferencia de produto por Caixa - válido @107-06",
              "fullTitle": "TransferenciaDeEstoque @107: 107-06 Transferencia de produto por Caixa - válido @107-06",
              "timedOut": false,
              "duration": 20186,
              "state": "passed",
              "speed": "slow",
              "pass": true,
              "fail": false,
              "pending": false,
              "context": null,
              "code": "//EU VOU PARA A PAGINA 'TRANSFERENCIA DE ESTOUQE'\n    I.amOnPage('https://192.168.1.128:9090/flextotal/user/estoque/transferencia/home/transferencia')\n    //EU ACEITO O POPUP\n    I.acceptPopup('')\n    //EU AGUARDO\n    I.wait(2)\n    //EU COLOCO O CODIGO DE ORIGEM CORRETO\n    I.fillField('/html/body/my-app/home/mat-sidenav-container/mat-sidenav-content/trasnferencia-estoque-home/transferencia-estoque-component/div/form/div[1]/mat-form-field/div/div[1]/div/input', '1002198017019')\n    //EU CLICO NO BOTAO PARA CONTINUAR\n    I.click('/html/body/my-app/home/mat-sidenav-container/mat-sidenav-content/trasnferencia-estoque-home/transferencia-estoque-component/div/form/div[1]/button[1]')\n    //EU COLOCO O CD DE BARRAS DO PRODUTO PRA VERIFICAR SE CHEGOU NESSA PARTE\n    I.fillField('/html/body/my-app/home/mat-sidenav-container/mat-sidenav-content/trasnferencia-estoque-home/transferencia-estoque-component/div/form/div[3]/mat-form-field/div/div[1]/div/input', '07558')\n    //EU AGUARDO\n    I.wait(2)\n    //EU AGUARDO\n    I.click('/html/body/my-app/home/mat-sidenav-container/mat-sidenav-content/trasnferencia-estoque-home/transferencia-estoque-component/div/form/div[3]/button[1]')\n    I.wait(3)\n    I.waitForText('Dt.Validade:')\n    I.waitForText('Dt.Fabricacao:')\n    I.waitForText('Lote:')\n    //EU ADICIONO o CD BARRA SOMAR 12345 EM 'CD DE BARRAS SOMAR'\n    I.fillField('/html/body/my-app/home/mat-sidenav-container/mat-sidenav-content/trasnferencia-estoque-home/transferencia-estoque-component/div/form/div[5]/mat-form-field/div/div[1]/div/input', '37898493996634')\n    //EU CLICO NO BOTAO PARA ADICIONAR\n    I.click('/html/body/my-app/home/mat-sidenav-container/mat-sidenav-content/trasnferencia-estoque-home/transferencia-estoque-component/div/form/div[5]/button[1]')\n    I.wait(2)\n    //EU ADICIONE '1' EM QUANTIDADE SO QUE EM CAIXA\n    I.fillField('/html/body/my-app/home/mat-sidenav-container/mat-sidenav-content/trasnferencia-estoque-home/transferencia-estoque-component/div/form/div[6]/mat-form-field[1]/div/div[1]/div/input', '1')\n    //EU CLICO NA CAIXA PARA MUDAR SE QUERO UNIDADE OU CAIXA\n    I.click('/html/body/my-app/home/mat-sidenav-container/mat-sidenav-content/trasnferencia-estoque-home/transferencia-estoque-component/div/form/div[6]/mat-form-field[2]')\n    //SELECIONO 'CX -25'\n    I.click('/html/body/div[3]/div[2]/div/div/div/mat-option[1]')\n    // EU CLICO NO BOTAO SOMAR\n    I.click('SOMAR')\n    //EU ADICIONO AO ENDEREÇO DE DESTINO O ID 1000121199293 QUE É PEND.ARMAZENAMENTO\n    I.fillField('/html/body/my-app/home/mat-sidenav-container/mat-sidenav-content/trasnferencia-estoque-home/transferencia-estoque-component/div/form/div[7]/mat-form-field/div/div[1]/div/input', '1000121199293')\n    I.wait(1)\n    //EU CLICO NO BOTAO PARA ADICIONAR\n    I.click('/html/body/my-app/home/mat-sidenav-container/mat-sidenav-content/trasnferencia-estoque-home/transferencia-estoque-component/div/form/div[7]/button[1]')\n    //EU CLICO NO BOTAO 'CONFIRMAR'\n    I.click('/html/body/my-app/home/mat-sidenav-container/mat-sidenav-content/trasnferencia-estoque-home/transferencia-estoque-component/div/form/div[9]/button[1]')\n    //EU CLICO NO BOTAO 'SIM'\n    I.click('SIM')\n    I.wait(4)\n    //EU ESPERO PELA MENSAGEM 'Transferência realizada com sucesso!'\n    I.waitForText('Transferência realizada com sucesso!')\n    I.wait(3)",
              "err": {},
              "uuid": "a0522c61-1206-4e05-8cb5-b128f5f95eed",
              "parentUUID": "7bbc46ac-1b1f-4303-bff9-f3e669bf394e",
              "isHook": false,
              "skipped": false
            },
            {
              "title": "107-07 Verificando destino válido @107-07",
              "fullTitle": "TransferenciaDeEstoque @107: 107-07 Verificando destino válido @107-07",
              "timedOut": false,
              "duration": 15558,
              "state": "passed",
              "speed": "slow",
              "pass": true,
              "fail": false,
              "pending": false,
              "context": null,
              "code": "//EU VOU PARA A PAGINA 'TRANSFERENCIA DE ESTOUQE'\n    I.amOnPage('https://192.168.1.128:9090/flextotal/user/estoque/transferencia/home/transferencia')\n    //EU ACEITO O POPUP\n    I.acceptPopup('')\n    //EU AGUARDO\n    I.wait(2)\n    //EU COLOCO O CODIGO DE ORIGEM CORRETO\n    I.fillField('/html/body/my-app/home/mat-sidenav-container/mat-sidenav-content/trasnferencia-estoque-home/transferencia-estoque-component/div/form/div[1]/mat-form-field/div/div[1]/div/input', '1000121199293')\n    //EU CLICO NO BOTAO PARA CONTINUAR\n    I.click('/html/body/my-app/home/mat-sidenav-container/mat-sidenav-content/trasnferencia-estoque-home/transferencia-estoque-component/div/form/div[1]/button[1]')\n    //EU COLOCO O CD DE BARRAS DO PRODUTO PRA VERIFICAR SE CHEGOU NESSA PARTE\n    I.fillField('/html/body/my-app/home/mat-sidenav-container/mat-sidenav-content/trasnferencia-estoque-home/transferencia-estoque-component/div/form/div[3]/mat-form-field/div/div[1]/div/input', '07558')\n    //EU AGUARDO\n    I.wait(2)\n    //EU AGUARDO\n    I.click('/html/body/my-app/home/mat-sidenav-container/mat-sidenav-content/trasnferencia-estoque-home/transferencia-estoque-component/div/form/div[3]/button[1]')\n    I.wait(5)\n    I.click('/html/body/my-app/home/mat-sidenav-container/mat-sidenav-content/trasnferencia-estoque-home/transferencia-estoque-component/div/form/div[4]/div/button')\n    I.wait(5)\n    I.waitForText('52.0000-UN')\n    I.click('OK')",
              "err": {},
              "uuid": "eaba0a0f-5f7e-4d1d-9ee0-0e2784070eda",
              "parentUUID": "7bbc46ac-1b1f-4303-bff9-f3e669bf394e",
              "isHook": false,
              "skipped": false
            },
            {
              "title": "107-08 Retornando Transferencia válido @107-08",
              "fullTitle": "TransferenciaDeEstoque @107: 107-08 Retornando Transferencia válido @107-08",
              "timedOut": false,
              "duration": 7554,
              "state": "passed",
              "speed": "slow",
              "pass": true,
              "fail": false,
              "pending": false,
              "context": null,
              "code": "//EU VOU PARA A PAGINA 'TRANSFERENCIA DE ESTOUQE'\n    I.amOnPage('https://192.168.1.128:9090/flextotal/user/estoque/transferencia/home/transferencia')\n    //EU ACEITO O POPUP\n    I.acceptPopup('')\n    //EU AGUARDO\n    I.wait(2)\n    //EU COLOCO O CODIGO DE ORIGEM CORRETO\n    I.fillField('/html/body/my-app/home/mat-sidenav-container/mat-sidenav-content/trasnferencia-estoque-home/transferencia-estoque-component/div/form/div[1]/mat-form-field/div/div[1]/div/input', '1000121199293')\n    //EU CLICO NO BOTAO PARA CONTINUAR\n    I.click('/html/body/my-app/home/mat-sidenav-container/mat-sidenav-content/trasnferencia-estoque-home/transferencia-estoque-component/div/form/div[1]/button[1]')\n    //EU COLOCO O CD DE BARRAS DO PRODUTO PRA VERIFICAR SE CHEGOU NESSA PARTE\n    I.fillField('/html/body/my-app/home/mat-sidenav-container/mat-sidenav-content/trasnferencia-estoque-home/transferencia-estoque-component/div/form/div[3]/mat-form-field/div/div[1]/div/input', '07558')\n    //EU CLICO NO BOTAO PRA ENTRAR\n    I.click('/html/body/my-app/home/mat-sidenav-container/mat-sidenav-content/trasnferencia-estoque-home/transferencia-estoque-component/div/form/div[3]/button[1]')\n    //EU AGUARDO\n    I.wait(3)\n    I.fillField('/html/body/my-app/home/mat-sidenav-container/mat-sidenav-content/trasnferencia-estoque-home/transferencia-estoque-component/div/form/div[6]/mat-form-field[1]/div/div[1]/div/input', '52')\n    I.click('/html/body/my-app/home/mat-sidenav-container/mat-sidenav-content/trasnferencia-estoque-home/transferencia-estoque-component/div/form/div[7]/button[1]')\n    I.click('SOMAR')\n    I.fillField('/html/body/my-app/home/mat-sidenav-container/mat-sidenav-content/trasnferencia-estoque-home/transferencia-estoque-component/div/form/div[7]/mat-form-field/div/div[1]/div/input', '1002198017019')\n    I.click('/html/body/my-app/home/mat-sidenav-container/mat-sidenav-content/trasnferencia-estoque-home/transferencia-estoque-component/div/form/div[7]/button[1]')\n    I.click('/html/body/my-app/home/mat-sidenav-container/mat-sidenav-content/trasnferencia-estoque-home/transferencia-estoque-component/div/form/div[9]/button[1]')\n    I.click('SIM')\n    I.waitForText('Transferência realizada com sucesso!')",
              "err": {},
              "uuid": "af4884dc-90b4-478f-8dfe-ac9653626e03",
              "parentUUID": "7bbc46ac-1b1f-4303-bff9-f3e669bf394e",
              "isHook": false,
              "skipped": false
            }
          ],
          "suites": [],
          "passes": [
            "185e5f55-ac72-4bf7-8882-cef466b533bf",
            "95cb7940-b4e5-4bc5-921a-9093d4afdc35",
            "c66110db-7383-4390-bed5-f5d39815329b",
            "529a8d1f-6ce4-4d30-bcdf-d1532023b35c",
            "918be7a7-fcda-461b-9b7e-a7dd1f12a249",
            "a0522c61-1206-4e05-8cb5-b128f5f95eed",
            "eaba0a0f-5f7e-4d1d-9ee0-0e2784070eda",
            "af4884dc-90b4-478f-8dfe-ac9653626e03"
          ],
          "failures": [],
          "pending": [],
          "skipped": [],
          "duration": 108958,
          "root": false,
          "rootEmpty": false,
          "_timeout": 0
        }
      ],
      "passes": [],
      "failures": [],
      "pending": [],
      "skipped": [],
      "duration": 0,
      "root": true,
      "rootEmpty": true,
      "_timeout": 0
    }
  ],
  "meta": {
    "mocha": {
      "version": "10.2.0"
    },
    "mochawesome": {
      "options": {
        "quiet": false,
        "reportFilename": "mochawesome",
        "saveHtml": true,
        "saveJson": true,
        "consoleReporter": "spec",
        "useInlineDiffs": false,
        "code": true
      },
      "version": "7.1.3"
    },
    "marge": {
      "options": {},
      "version": "6.2.0"
    }
  }
}