{
  "stats": {
    "suites": 6,
    "tests": 28,
    "passes": 28,
    "pending": 0,
    "failures": 0,
    "start": "2023-06-06T14:24:35.358Z",
    "end": "2023-06-06T14:28:03.256Z",
    "duration": 207898,
    "testsRegistered": 28,
    "passPercent": 100,
    "pendingPercent": 0,
    "other": 0,
    "hasOther": false,
    "skipped": 0,
    "hasSkipped": false
  },
  "results": [
    {
      "uuid": "f9c4783f-3c2c-4cda-9ca3-4e2c4c2f02a1",
      "title": "",
      "fullFile": "",
      "file": "",
      "beforeHooks": [],
      "afterHooks": [],
      "tests": [],
      "suites": [
        {
          "uuid": "44a9244a-195e-4e86-917c-4ce8588d2d8a",
          "title": "Login @Login",
          "fullFile": "C:\\Users\\flexmobile\\Documents\\AUTOMACOES\\AUTOMACAO-FLEXTOTAL\\Automacao-FLEXTOTAL\\steps\\100-login_test.js",
          "file": "\\steps\\100-login_test.js",
          "beforeHooks": [
            {
              "title": "\"before all\" hook: codeceptjs.beforeSuite in \"Login @Login\"",
              "fullTitle": "Login @Login \"before all\" hook: codeceptjs.beforeSuite in \"Login @Login\"",
              "timedOut": false,
              "duration": 3293,
              "state": null,
              "speed": null,
              "pass": false,
              "fail": false,
              "pending": false,
              "context": null,
              "code": "scenario.suiteSetup(suite)",
              "err": {},
              "uuid": "4550bf92-e07c-48ea-9df1-182cdeb9ef2a",
              "parentUUID": "44a9244a-195e-4e86-917c-4ce8588d2d8a",
              "isHook": true,
              "skipped": false
            },
            {
              "title": "\"before each\" hook: codeceptjs.before in \"Login @Login\"",
              "fullTitle": "Login @Login \"before each\" hook: codeceptjs.before in \"Login @Login\"",
              "timedOut": false,
              "duration": 0,
              "state": null,
              "speed": null,
              "pass": false,
              "fail": false,
              "pending": false,
              "context": null,
              "code": "scenario.setup(suite)",
              "err": {},
              "uuid": "c6611181-77c4-42bc-a07f-5d623f1b2c2f",
              "parentUUID": "44a9244a-195e-4e86-917c-4ce8588d2d8a",
              "isHook": true,
              "skipped": false
            }
          ],
          "afterHooks": [
            {
              "title": "\"after all\" hook: codeceptjs.afterSuite in \"Login @Login\"",
              "fullTitle": "Login @Login \"after all\" hook: codeceptjs.afterSuite in \"Login @Login\"",
              "timedOut": false,
              "duration": 0,
              "state": null,
              "speed": null,
              "pass": false,
              "fail": false,
              "pending": false,
              "context": null,
              "code": "scenario.suiteTeardown(suite)",
              "err": {},
              "uuid": "ba612be7-9446-4541-a94f-41346269332d",
              "parentUUID": "44a9244a-195e-4e86-917c-4ce8588d2d8a",
              "isHook": true,
              "skipped": false
            },
            {
              "title": "\"after each\" hook: finalize codeceptjs in \"Login @Login\"",
              "fullTitle": "Login @Login \"after each\" hook: finalize codeceptjs in \"Login @Login\"",
              "timedOut": false,
              "duration": 1,
              "state": null,
              "speed": null,
              "pass": false,
              "fail": false,
              "pending": false,
              "context": null,
              "code": "scenario.teardown(suite)",
              "err": {},
              "uuid": "043258eb-8379-4b5d-828d-0bb732ab20a5",
              "parentUUID": "44a9244a-195e-4e86-917c-4ce8588d2d8a",
              "isHook": true,
              "skipped": false
            }
          ],
          "tests": [
            {
              "title": "Login com dados corretos @LoginCorreto",
              "fullTitle": "Login @Login: Login com dados corretos @LoginCorreto",
              "timedOut": false,
              "duration": 8972,
              "state": "passed",
              "speed": "slow",
              "pass": true,
              "fail": false,
              "pending": false,
              "context": null,
              "code": "//EU AGUARDOCLS\n  I.wait(3)\n  //VOU ATÉ A PAGINA FLEX TOTAL.\n  I.amOnPage(FLEXTOTAL)\n  //RESOLVER ERRO DE PAGINA NAO SEGURA//\n  I.click('//*[@id=\"details-button\"]')\n  I.click('//*[@id=\"proceed-link\"]')\n  // RESOLVENDO ERRO DE PAGINA SEGURA//\n  I.wait(3)\n  I.fillField(CampoEmail, 'flexmobile')\n  //EU COLOCO MINHA SENHA\n  I.fillField(CampoSenha, '48303523')\n  //EU APERTO NO BOTAO\n  I.forceClick(BtnLogin)\n  I.waitForElement(BtnMenu)",
              "err": {},
              "uuid": "d632366d-989e-4864-b2e7-f20a4a4fc258",
              "parentUUID": "44a9244a-195e-4e86-917c-4ce8588d2d8a",
              "isHook": false,
              "skipped": false
            }
          ],
          "suites": [],
          "passes": [
            "d632366d-989e-4864-b2e7-f20a4a4fc258"
          ],
          "failures": [],
          "pending": [],
          "skipped": [],
          "duration": 8972,
          "root": false,
          "rootEmpty": false,
          "_timeout": 0
        },
        {
          "uuid": "6282ccd8-eeef-4baa-a739-95d5f0d806fc",
          "title": "AppWMS @AppWMS",
          "fullFile": "C:\\Users\\flexmobile\\Documents\\AUTOMACOES\\AUTOMACAO-FLEXTOTAL\\Automacao-FLEXTOTAL\\steps\\101-AppWMS_test.js",
          "file": "\\steps\\101-AppWMS_test.js",
          "beforeHooks": [
            {
              "title": "\"before all\" hook: codeceptjs.beforeSuite in \"AppWMS @AppWMS\"",
              "fullTitle": "AppWMS @AppWMS \"before all\" hook: codeceptjs.beforeSuite in \"AppWMS @AppWMS\"",
              "timedOut": false,
              "duration": 0,
              "state": null,
              "speed": null,
              "pass": false,
              "fail": false,
              "pending": false,
              "context": null,
              "code": "scenario.suiteSetup(suite)",
              "err": {},
              "uuid": "36c50c5b-f6d8-4a99-a986-070505a97376",
              "parentUUID": "6282ccd8-eeef-4baa-a739-95d5f0d806fc",
              "isHook": true,
              "skipped": false
            },
            {
              "title": "\"before each\" hook: codeceptjs.before in \"AppWMS @AppWMS\"",
              "fullTitle": "AppWMS @AppWMS \"before each\" hook: codeceptjs.before in \"AppWMS @AppWMS\"",
              "timedOut": false,
              "duration": 1,
              "state": null,
              "speed": null,
              "pass": false,
              "fail": false,
              "pending": false,
              "context": null,
              "code": "scenario.setup(suite)",
              "err": {},
              "uuid": "52e3855d-d851-4998-b3cb-aa59f667099b",
              "parentUUID": "6282ccd8-eeef-4baa-a739-95d5f0d806fc",
              "isHook": true,
              "skipped": false
            }
          ],
          "afterHooks": [
            {
              "title": "\"after all\" hook: codeceptjs.afterSuite in \"AppWMS @AppWMS\"",
              "fullTitle": "AppWMS @AppWMS \"after all\" hook: codeceptjs.afterSuite in \"AppWMS @AppWMS\"",
              "timedOut": false,
              "duration": 0,
              "state": null,
              "speed": null,
              "pass": false,
              "fail": false,
              "pending": false,
              "context": null,
              "code": "scenario.suiteTeardown(suite)",
              "err": {},
              "uuid": "02ba31cc-c854-45ef-815a-263194205adf",
              "parentUUID": "6282ccd8-eeef-4baa-a739-95d5f0d806fc",
              "isHook": true,
              "skipped": false
            },
            {
              "title": "\"after each\" hook: finalize codeceptjs in \"AppWMS @AppWMS\"",
              "fullTitle": "AppWMS @AppWMS \"after each\" hook: finalize codeceptjs in \"AppWMS @AppWMS\"",
              "timedOut": false,
              "duration": 1,
              "state": null,
              "speed": null,
              "pass": false,
              "fail": false,
              "pending": false,
              "context": null,
              "code": "scenario.teardown(suite)",
              "err": {},
              "uuid": "7df10411-3312-42ce-8dc8-88352d142608",
              "parentUUID": "6282ccd8-eeef-4baa-a739-95d5f0d806fc",
              "isHook": true,
              "skipped": false
            }
          ],
          "tests": [
            {
              "title": "101-01-Tela do AppWMS",
              "fullTitle": "AppWMS @AppWMS: 101-01-Tela do AppWMS",
              "timedOut": false,
              "duration": 1091,
              "state": "passed",
              "speed": "slow",
              "pass": true,
              "fail": false,
              "pending": false,
              "context": null,
              "code": "ZoomMenosPage.ZoomMenos()\n    //VOU NA TELA WMS\n    I.amOnPage('https://192.168.1.128:9090/flextotal/user/coletor')\n    I.acceptPopup()\n    I.wait(1)",
              "err": {},
              "uuid": "b24e401d-1f52-42b0-a7a8-7a76508bac86",
              "parentUUID": "6282ccd8-eeef-4baa-a739-95d5f0d806fc",
              "isHook": false,
              "skipped": false
            }
          ],
          "suites": [],
          "passes": [
            "b24e401d-1f52-42b0-a7a8-7a76508bac86"
          ],
          "failures": [],
          "pending": [],
          "skipped": [],
          "duration": 1091,
          "root": false,
          "rootEmpty": false,
          "_timeout": 0
        },
        {
          "uuid": "6306b344-2d2c-4366-a634-c3c87b90e955",
          "title": "W26-Consultas @102",
          "fullFile": "C:\\Users\\flexmobile\\Documents\\AUTOMACOES\\AUTOMACAO-FLEXTOTAL\\Automacao-FLEXTOTAL\\steps\\102-Consultas_test.js",
          "file": "\\steps\\102-Consultas_test.js",
          "beforeHooks": [
            {
              "title": "\"before all\" hook: codeceptjs.beforeSuite in \"W26-Consultas @102\"",
              "fullTitle": "W26-Consultas @102 \"before all\" hook: codeceptjs.beforeSuite in \"W26-Consultas @102\"",
              "timedOut": false,
              "duration": 1,
              "state": null,
              "speed": null,
              "pass": false,
              "fail": false,
              "pending": false,
              "context": null,
              "code": "scenario.suiteSetup(suite)",
              "err": {},
              "uuid": "ceed715f-8439-450f-8b38-de362bc2bd41",
              "parentUUID": "6306b344-2d2c-4366-a634-c3c87b90e955",
              "isHook": true,
              "skipped": false
            },
            {
              "title": "\"before each\" hook: codeceptjs.before in \"W26-Consultas @102\"",
              "fullTitle": "W26-Consultas @102 \"before each\" hook: codeceptjs.before in \"W26-Consultas @102\"",
              "timedOut": false,
              "duration": 0,
              "state": null,
              "speed": null,
              "pass": false,
              "fail": false,
              "pending": false,
              "context": null,
              "code": "scenario.setup(suite)",
              "err": {},
              "uuid": "2bb34563-6c08-4b50-9948-45910f495c46",
              "parentUUID": "6306b344-2d2c-4366-a634-c3c87b90e955",
              "isHook": true,
              "skipped": false
            }
          ],
          "afterHooks": [
            {
              "title": "\"after all\" hook: codeceptjs.afterSuite in \"W26-Consultas @102\"",
              "fullTitle": "W26-Consultas @102 \"after all\" hook: codeceptjs.afterSuite in \"W26-Consultas @102\"",
              "timedOut": false,
              "duration": 0,
              "state": null,
              "speed": null,
              "pass": false,
              "fail": false,
              "pending": false,
              "context": null,
              "code": "scenario.suiteTeardown(suite)",
              "err": {},
              "uuid": "103c029a-d064-4fdb-bd77-88e0f22b4130",
              "parentUUID": "6306b344-2d2c-4366-a634-c3c87b90e955",
              "isHook": true,
              "skipped": false
            },
            {
              "title": "\"after each\" hook: finalize codeceptjs in \"W26-Consultas @102\"",
              "fullTitle": "W26-Consultas @102 \"after each\" hook: finalize codeceptjs in \"W26-Consultas @102\"",
              "timedOut": false,
              "duration": 0,
              "state": null,
              "speed": null,
              "pass": false,
              "fail": false,
              "pending": false,
              "context": null,
              "code": "scenario.teardown(suite)",
              "err": {},
              "uuid": "865d378e-a679-46ff-a079-f43352af98b7",
              "parentUUID": "6306b344-2d2c-4366-a634-c3c87b90e955",
              "isHook": true,
              "skipped": false
            }
          ],
          "tests": [
            {
              "title": "Tela Consultas ",
              "fullTitle": "W26-Consultas @102: Tela Consultas ",
              "timedOut": false,
              "duration": 2417,
              "state": "passed",
              "speed": "slow",
              "pass": true,
              "fail": false,
              "pending": false,
              "context": null,
              "code": "ZoomMenosPage.ZoomMenos()\n    //EU VOU NA TELA DE CONSULTAS\n    I.amOnPage('https://192.168.1.128:9090/flextotal/user/coletor/pesquisas')\n    I.wait(1)",
              "err": {},
              "uuid": "4c328ca2-f4a4-4bbc-a518-e17f59f98b0f",
              "parentUUID": "6306b344-2d2c-4366-a634-c3c87b90e955",
              "isHook": false,
              "skipped": false
            },
            {
              "title": "102-01-Consultar itens do endereço errado @102-01",
              "fullTitle": "W26-Consultas @102: 102-01-Consultar itens do endereço errado @102-01",
              "timedOut": false,
              "duration": 4343,
              "state": "passed",
              "speed": "slow",
              "pass": true,
              "fail": false,
              "pending": false,
              "context": null,
              "code": "ZoomMenosPage.ZoomMenos()\n    //VOU NA TELA CONSULTAR ITENS DE ENDEREÇO\n    I.amOnPage('https://192.168.1.128:9090/flextotal/user/coletor/pesquisaItensEndereco')\n    I.wait(2)\n    //EU COLOCO CD BARRAS \n    I.fillField('/html/body/my-app/home/mat-sidenav-container/mat-sidenav-content/pesquisas-itens-endereco/div/form/mat-form-field/div/div[1]/div/input', '10101323')\n    //EU CLICO NO BOTAO \n    I.click('/html/body/my-app/home/mat-sidenav-container/mat-sidenav-content/pesquisas-itens-endereco/div/form/button')\n    I.wait(1)\n    //EU ESPERO PELA MENSAGEM DE ERRO\n    I.waitForText('Não há itens vinculados a este endereço')",
              "err": {},
              "uuid": "a9fd4711-1d5d-470c-921a-bb03ec81ccb6",
              "parentUUID": "6306b344-2d2c-4366-a634-c3c87b90e955",
              "isHook": false,
              "skipped": false
            },
            {
              "title": "102-02-Consultar itens do endereço @102-02",
              "fullTitle": "W26-Consultas @102: 102-02-Consultar itens do endereço @102-02",
              "timedOut": false,
              "duration": 9146,
              "state": "passed",
              "speed": "slow",
              "pass": true,
              "fail": false,
              "pending": false,
              "context": null,
              "code": "ZoomMenosPage.ZoomMenos()\n    //VOU NA TELA CONSULTAR ITENS DE ENDEREÇO\n    I.amOnPage('https://192.168.1.128:9090/flextotal/user/coletor/pesquisaItensEndereco')\n    I.acceptPopup('RECARREGAR')\n    I.wait(2)\n    //EU COLOCO CD BARRAS \n    I.fillField('/html/body/my-app/home/mat-sidenav-container/mat-sidenav-content/pesquisas-itens-endereco/div/form/mat-form-field/div/div[1]/div/input', '10-1-09-14-1-A-2')\n    //EU CLICO NO BOTAO \n    I.click('/html/body/my-app/home/mat-sidenav-container/mat-sidenav-content/pesquisas-itens-endereco/div/form/button')\n    I.wait(1)\n    //EU ESPERO PELOS ITENS  NA TELA\n    I.waitForText('03847 - ABRAC.PLAST.300X4.8MM BC 100PCS BRASFORT')\n    I.waitForText('24027 - JOELHO P/FOGAO C/TAMPA N 1')\n    I.waitForText('22326 - ALARME P/PORTAS OU JANELAS BRASFORT')\n    I.wait(2)\n    //EU CLICO EM LOTES\n    I.click('/html/body/my-app/home/mat-sidenav-container/mat-sidenav-content/pesquisas-itens-endereco/div/div/mat-table/mat-row[1]/mat-cell[2]')\n    I.wait(3)\n    I.waitForText('LOTE01', 5)\n    I.waitForText('LOTE02', 5)",
              "err": {},
              "uuid": "ef5b953a-8391-4c5d-aa61-fdbff81b5715",
              "parentUUID": "6306b344-2d2c-4366-a634-c3c87b90e955",
              "isHook": false,
              "skipped": false
            },
            {
              "title": "102-03-Consulta Endereços do item (Flag Livres Marcado) @102-03",
              "fullTitle": "W26-Consultas @102: 102-03-Consulta Endereços do item (Flag Livres Marcado) @102-03",
              "timedOut": false,
              "duration": 5043,
              "state": "passed",
              "speed": "slow",
              "pass": true,
              "fail": false,
              "pending": false,
              "context": null,
              "code": "ZoomMenosPage.ZoomMenos()\n    //EU VOU PARA PESQUISA DE ENDEREÇOS DO ITEM\n    I.amOnPage(' https://192.168.1.128:9090/flextotal/user/coletor/pesquisaEnderecosItem')\n    //ACEITO MUDAR DE PAGINA \n    I.acceptPopup()\n    //EU COLOCO O CODIGO DE CD\n    I.fillField('/html/body/my-app/home/mat-sidenav-container/mat-sidenav-content/pesquisa-endereco-itens/div/div/mat-expansion-panel/div/div/form/div[2]/mat-form-field/div/div[1]/div/input', '03847')\n    I.wait(1)\n    //EU ADICIONO O ITEM\n    I.click('/html/body/div[2]/div/div')\n    //EU CLICO NO CHECKBOX\n    I.click('/html/body/my-app/home/mat-sidenav-container/mat-sidenav-content/pesquisa-endereco-itens/div/div/mat-expansion-panel/div/div/form/div[3]/div/mat-checkbox/label/div')\n    //EU CLICO NO BOTAO 'PESQUISAR'\n    I.click('/html/body/my-app/home/mat-sidenav-container/mat-sidenav-content/pesquisa-endereco-itens/div/div/mat-expansion-panel/div/div/form/div[4]/button')\n    //PRECISA FAZER VALIDAÇÃO AQUI // \n    I.wait(2)",
              "err": {},
              "uuid": "bf720b9b-b88f-4dbc-ada5-a8adf0bef7eb",
              "parentUUID": "6306b344-2d2c-4366-a634-c3c87b90e955",
              "isHook": false,
              "skipped": false
            },
            {
              "title": "102-04-Consulta Endereços do item com Flag Livres Desmarcado @102-04",
              "fullTitle": "W26-Consultas @102: 102-04-Consulta Endereços do item com Flag Livres Desmarcado @102-04",
              "timedOut": false,
              "duration": 4416,
              "state": "passed",
              "speed": "slow",
              "pass": true,
              "fail": false,
              "pending": false,
              "context": null,
              "code": "ZoomMenosPage.ZoomMenos()\n    //EU VOU PARA PESQUISA DE ENDEREÇOS DO ITEM\n    I.amOnPage(' https://192.168.1.128:9090/flextotal/user/coletor/pesquisaEnderecosItem')\n    //ACEITO MUDAR DE PAGINA \n    I.acceptPopup()\n    //EU COLOCO O CODIGO DE CD\n    I.fillField('/html/body/my-app/home/mat-sidenav-container/mat-sidenav-content/pesquisa-endereco-itens/div/div/mat-expansion-panel/div/div/form/div[2]/mat-form-field/div/div[1]/div/input', '03847')\n    I.wait(1)\n    //EU ADICIONO O ITEM\n    I.click('/html/body/div[2]/div/div')\n    //EU CLICO NO BOTAO 'PESQUISAR'\n    I.click('/html/body/my-app/home/mat-sidenav-container/mat-sidenav-content/pesquisa-endereco-itens/div/div/mat-expansion-panel/div/div/form/div[4]/button')\n    //PRECISA VALIDAR AS INFORMAÇOES AQUI\n    I.wait(2)",
              "err": {},
              "uuid": "03b73de1-9495-46ce-a5ec-491d73201ba3",
              "parentUUID": "6306b344-2d2c-4366-a634-c3c87b90e955",
              "isHook": false,
              "skipped": false
            }
          ],
          "suites": [],
          "passes": [
            "4c328ca2-f4a4-4bbc-a518-e17f59f98b0f",
            "a9fd4711-1d5d-470c-921a-bb03ec81ccb6",
            "ef5b953a-8391-4c5d-aa61-fdbff81b5715",
            "bf720b9b-b88f-4dbc-ada5-a8adf0bef7eb",
            "03b73de1-9495-46ce-a5ec-491d73201ba3"
          ],
          "failures": [],
          "pending": [],
          "skipped": [],
          "duration": 25365,
          "root": false,
          "rootEmpty": false,
          "_timeout": 0
        },
        {
          "uuid": "139279bd-85ba-4e66-a773-bf5a075c633f",
          "title": "W29-ContagemDeEStoque @103",
          "fullFile": "C:\\Users\\flexmobile\\Documents\\AUTOMACOES\\AUTOMACAO-FLEXTOTAL\\Automacao-FLEXTOTAL\\steps\\103-W26-ContageDeEstoque_test.js",
          "file": "\\steps\\103-W26-ContageDeEstoque_test.js",
          "beforeHooks": [
            {
              "title": "\"before all\" hook: codeceptjs.beforeSuite in \"W29-ContagemDeEStoque @103\"",
              "fullTitle": "W29-ContagemDeEStoque @103 \"before all\" hook: codeceptjs.beforeSuite in \"W29-ContagemDeEStoque @103\"",
              "timedOut": false,
              "duration": 0,
              "state": null,
              "speed": null,
              "pass": false,
              "fail": false,
              "pending": false,
              "context": null,
              "code": "scenario.suiteSetup(suite)",
              "err": {},
              "uuid": "fb88a7f6-f863-4215-a4e9-ab829ff0d5df",
              "parentUUID": "139279bd-85ba-4e66-a773-bf5a075c633f",
              "isHook": true,
              "skipped": false
            },
            {
              "title": "\"before each\" hook: codeceptjs.before in \"W29-ContagemDeEStoque @103\"",
              "fullTitle": "W29-ContagemDeEStoque @103 \"before each\" hook: codeceptjs.before in \"W29-ContagemDeEStoque @103\"",
              "timedOut": false,
              "duration": 0,
              "state": null,
              "speed": null,
              "pass": false,
              "fail": false,
              "pending": false,
              "context": null,
              "code": "scenario.setup(suite)",
              "err": {},
              "uuid": "0f56f77a-01bf-4835-a013-f2f0eab29d12",
              "parentUUID": "139279bd-85ba-4e66-a773-bf5a075c633f",
              "isHook": true,
              "skipped": false
            }
          ],
          "afterHooks": [
            {
              "title": "\"after all\" hook: codeceptjs.afterSuite in \"W29-ContagemDeEStoque @103\"",
              "fullTitle": "W29-ContagemDeEStoque @103 \"after all\" hook: codeceptjs.afterSuite in \"W29-ContagemDeEStoque @103\"",
              "timedOut": false,
              "duration": 0,
              "state": null,
              "speed": null,
              "pass": false,
              "fail": false,
              "pending": false,
              "context": null,
              "code": "scenario.suiteTeardown(suite)",
              "err": {},
              "uuid": "61e8e15c-6a7c-48a1-9ac1-2cab8e24fee4",
              "parentUUID": "139279bd-85ba-4e66-a773-bf5a075c633f",
              "isHook": true,
              "skipped": false
            },
            {
              "title": "\"after each\" hook: finalize codeceptjs in \"W29-ContagemDeEStoque @103\"",
              "fullTitle": "W29-ContagemDeEStoque @103 \"after each\" hook: finalize codeceptjs in \"W29-ContagemDeEStoque @103\"",
              "timedOut": false,
              "duration": 0,
              "state": null,
              "speed": null,
              "pass": false,
              "fail": false,
              "pending": false,
              "context": null,
              "code": "scenario.teardown(suite)",
              "err": {},
              "uuid": "c4e661ae-d75d-4b46-89c0-d31cbd0bf042",
              "parentUUID": "139279bd-85ba-4e66-a773-bf5a075c633f",
              "isHook": true,
              "skipped": false
            }
          ],
          "tests": [
            {
              "title": "103-01-Contagem de estoque Contagem fechada @103-01",
              "fullTitle": "W29-ContagemDeEStoque @103: 103-01-Contagem de estoque Contagem fechada @103-01",
              "timedOut": false,
              "duration": 7518,
              "state": "passed",
              "speed": "slow",
              "pass": true,
              "fail": false,
              "pending": false,
              "context": null,
              "code": "ZoomMenosPage.ZoomMenos()\n    I.wait(2)\n    //EU VOU PARA A PAGINA DE CONTAGEM DE ESTOQUE\n    I.amOnPage('https://192.168.1.128:9090/flextotal/user/estoque/contagem/pesquisar')\n    //EU ACEITO O POPUP\n    I.acceptPopup()\n    I.wait(1)\n    //EU COLOCO O ID DA CONTAGEM FECHADA OBS: A CONTAGEM TEM QUE ESTAR FECHADA NO SISTEMA\n    I.fillField('/html/body/my-app/home/mat-sidenav-container/mat-sidenav-content/pesquisa-contagem-component/div/form/mat-form-field/div/div[1]/div/input', '1000118529349')\n    I.wait(1)\n    //EU CLICO NO BOTAO DE PESQUISAR\n    I.click('/html/body/my-app/home/mat-sidenav-container/mat-sidenav-content/pesquisa-contagem-component/div/form/button')\n    I.wait(2)\n    I.waitForText('ERRO')\n    I.wait(1)",
              "err": {},
              "uuid": "b74e9056-619d-468f-962d-157d82666ed6",
              "parentUUID": "139279bd-85ba-4e66-a773-bf5a075c633f",
              "isHook": false,
              "skipped": false
            },
            {
              "title": "103-02-Contagem de estoque id errado @103-02",
              "fullTitle": "W29-ContagemDeEStoque @103: 103-02-Contagem de estoque id errado @103-02",
              "timedOut": false,
              "duration": 6504,
              "state": "passed",
              "speed": "slow",
              "pass": true,
              "fail": false,
              "pending": false,
              "context": null,
              "code": "ZoomMenosPage.ZoomMenos()\n    //EU VOU PARA A PAGINA DE CONTAGEM DE ESTOQUE\n    I.amOnPage('https://192.168.1.128:9090/flextotal/user/estoque/contagem/pesquisar')\n    //EU ACEITO O POPUP\n    I.acceptPopup()\n    I.wait(1)\n    //EU COLOCO O ID DA CONTAGEM OBS: A CONTAGEM TEM QUE ESTAR PENDENTE NO SISTEMA\n    I.fillField('/html/body/my-app/home/mat-sidenav-container/mat-sidenav-content/pesquisa-contagem-component/div/form/mat-form-field/div/div[1]/div/input', '234234')\n    I.wait(1)\n    I.click('/html/body/my-app/home/mat-sidenav-container/mat-sidenav-content/pesquisa-contagem-component/div/form/button')\n    I.wait(2)\n    I.waitForText('Contagem não encontrada ID:')\n    I.wait(2)",
              "err": {},
              "uuid": "6c5cf76a-f49e-4cf5-9c66-f482761e9ce3",
              "parentUUID": "139279bd-85ba-4e66-a773-bf5a075c633f",
              "isHook": false,
              "skipped": false
            },
            {
              "title": "103-03-Contagem de estoque @103-03",
              "fullTitle": "W29-ContagemDeEStoque @103: 103-03-Contagem de estoque @103-03",
              "timedOut": false,
              "duration": 19115,
              "state": "passed",
              "speed": "slow",
              "pass": true,
              "fail": false,
              "pending": false,
              "context": null,
              "code": "ZoomMenosPage.ZoomMenos()\n    //EU VOU PARA A PAGINA DE CONTAGEM DE ESTOQUE\n    I.amOnPage('https://192.168.1.128:9090/flextotal/user/estoque/contagem/pesquisar')\n    //EU ACEITO O POPUP\n    I.acceptPopup()\n    I.wait(3)\n    //EU COLOCO O ID DA CONTAGEM OBS: A CONTAGEM TEM QUE ESTAR PENDENTE NO SISTEMA\n    I.fillField('/html/body/my-app/home/mat-sidenav-container/mat-sidenav-content/pesquisa-contagem-component/div/form/mat-form-field/div/div[1]/div/input', '1002064874306')\n    I.wait(3)\n    //EU CLICO NO BOTAO DE PESQUISAR\n    I.click('/html/body/my-app/home/mat-sidenav-container/mat-sidenav-content/pesquisa-contagem-component/div/form/button')\n    I.wait(3)\n    //EU COLOCO A QUANTIDADE DE ITENS LIDO PARA SOMAR\n    I.fillField('/html/body/my-app/home/mat-sidenav-container/mat-sidenav-content/contagem-component/div/form/div/div[2]/mat-form-field[1]/div/div[1]/div/input', '1')\n    I.wait(3)\n    //EU APERTO NO BOTAO PARA SOMAR \n    I.click('/html/body/my-app/home/mat-sidenav-container/mat-sidenav-content/contagem-component/div/form/div/div[3]/button[1]')\n    I.wait(3)\n    I.waitForText('CONFIRMAR')\n    I.click('CONFIRMAR')\n    I.wait(3)\n    I.waitForText('OK',5)\n    I.click('OK')",
              "err": {},
              "uuid": "88e42d73-4aa7-4944-9375-e729ca5b91e3",
              "parentUUID": "139279bd-85ba-4e66-a773-bf5a075c633f",
              "isHook": false,
              "skipped": false
            },
            {
              "title": "103-04-Contagem de estoque - Listar Itens @103-04",
              "fullTitle": "W29-ContagemDeEStoque @103: 103-04-Contagem de estoque - Listar Itens @103-04",
              "timedOut": false,
              "duration": 11654,
              "state": "passed",
              "speed": "slow",
              "pass": true,
              "fail": false,
              "pending": false,
              "context": null,
              "code": "I.click('/html/body/my-app/home/mat-sidenav-container/mat-sidenav-content/contagem-component/div/mat-toolbar/button')\n    I.wait(3)\n    I.click('Listar Itens')\n    I.wait(3)\n    I.waitForText('10155',5)\n    I.click('/html/body/div[2]/div[2]/div/mat-dialog-container/ng-component/mat-dialog-content/mat-list/a[1]/div/div[2]/span[2]')\n    I.wait(5)",
              "err": {},
              "uuid": "5dd6b9ca-2ef7-48a8-b4e5-70789cbde2c7",
              "parentUUID": "139279bd-85ba-4e66-a773-bf5a075c633f",
              "isHook": false,
              "skipped": false
            },
            {
              "title": "103-05-Contagem de estoque - Reiniciar Itens @103-05",
              "fullTitle": "W29-ContagemDeEStoque @103: 103-05-Contagem de estoque - Reiniciar Itens @103-05",
              "timedOut": false,
              "duration": 16627,
              "state": "passed",
              "speed": "slow",
              "pass": true,
              "fail": false,
              "pending": false,
              "context": null,
              "code": "I.amOnPage('https://192.168.1.128:9090/flextotal/user/estoque/contagem/1002064874306')\n    I.acceptPopup()\n    I.wait(3)\n    I.click('/html/body/my-app/home/mat-sidenav-container/mat-sidenav-content/contagem-component/div/mat-toolbar/button')\n    I.wait(3)\n    I.click('Reiniciar Item')\n    I.wait(3)\n    I.waitForText('CONFIRMAR',20)\n    I.click('CONFIRMAR')\n    I.wait(3)\n    I.waitForText('OK',20)\n    I.click('OK')\n    I.wait(4)",
              "err": {},
              "uuid": "fb17e214-4ba9-4403-b957-6ae2c4a36ce6",
              "parentUUID": "139279bd-85ba-4e66-a773-bf5a075c633f",
              "isHook": false,
              "skipped": false
            },
            {
              "title": "103-06-Contagem de estoque - Pular Itens @103-06",
              "fullTitle": "W29-ContagemDeEStoque @103: 103-06-Contagem de estoque - Pular Itens @103-06",
              "timedOut": false,
              "duration": 7462,
              "state": "passed",
              "speed": "slow",
              "pass": true,
              "fail": false,
              "pending": false,
              "context": null,
              "code": "I.amOnPage('https://192.168.1.128:9090/flextotal/user/estoque/contagem/1002064874306')\n    I.acceptPopup()\n    I.wait(2)\n    I.click('/html/body/my-app/home/mat-sidenav-container/mat-sidenav-content/contagem-component/div/mat-toolbar/button')\n    I.wait(2)\n    I.click('Pular Item')\n    I.wait(3)\n    I.waitForText('CONFIRMAR',20)\n    I.click('CONFIRMAR')",
              "err": {},
              "uuid": "2dd37901-98e3-48f9-882a-f4ad41bc12aa",
              "parentUUID": "139279bd-85ba-4e66-a773-bf5a075c633f",
              "isHook": false,
              "skipped": false
            }
          ],
          "suites": [],
          "passes": [
            "b74e9056-619d-468f-962d-157d82666ed6",
            "6c5cf76a-f49e-4cf5-9c66-f482761e9ce3",
            "88e42d73-4aa7-4944-9375-e729ca5b91e3",
            "5dd6b9ca-2ef7-48a8-b4e5-70789cbde2c7",
            "fb17e214-4ba9-4403-b957-6ae2c4a36ce6",
            "2dd37901-98e3-48f9-882a-f4ad41bc12aa"
          ],
          "failures": [],
          "pending": [],
          "skipped": [],
          "duration": 68880,
          "root": false,
          "rootEmpty": false,
          "_timeout": 0
        },
        {
          "uuid": "ffb93078-b29c-45d4-9229-aea71362120d",
          "title": "ConferenciaDeEntrada @104",
          "fullFile": "C:\\Users\\flexmobile\\Documents\\AUTOMACOES\\AUTOMACAO-FLEXTOTAL\\Automacao-FLEXTOTAL\\steps\\104-W29-ConferenciaDeEntrada_test.js",
          "file": "\\steps\\104-W29-ConferenciaDeEntrada_test.js",
          "beforeHooks": [
            {
              "title": "\"before all\" hook: codeceptjs.beforeSuite in \"ConferenciaDeEntrada @104\"",
              "fullTitle": "ConferenciaDeEntrada @104 \"before all\" hook: codeceptjs.beforeSuite in \"ConferenciaDeEntrada @104\"",
              "timedOut": false,
              "duration": 0,
              "state": null,
              "speed": null,
              "pass": false,
              "fail": false,
              "pending": false,
              "context": null,
              "code": "scenario.suiteSetup(suite)",
              "err": {},
              "uuid": "7124bf6c-d759-4c60-b392-4e7299213086",
              "parentUUID": "ffb93078-b29c-45d4-9229-aea71362120d",
              "isHook": true,
              "skipped": false
            },
            {
              "title": "\"before each\" hook: codeceptjs.before in \"ConferenciaDeEntrada @104\"",
              "fullTitle": "ConferenciaDeEntrada @104 \"before each\" hook: codeceptjs.before in \"ConferenciaDeEntrada @104\"",
              "timedOut": false,
              "duration": 0,
              "state": null,
              "speed": null,
              "pass": false,
              "fail": false,
              "pending": false,
              "context": null,
              "code": "scenario.setup(suite)",
              "err": {},
              "uuid": "1fe653e0-577e-4a37-8acd-a02b2211f1bb",
              "parentUUID": "ffb93078-b29c-45d4-9229-aea71362120d",
              "isHook": true,
              "skipped": false
            }
          ],
          "afterHooks": [
            {
              "title": "\"after all\" hook: codeceptjs.afterSuite in \"ConferenciaDeEntrada @104\"",
              "fullTitle": "ConferenciaDeEntrada @104 \"after all\" hook: codeceptjs.afterSuite in \"ConferenciaDeEntrada @104\"",
              "timedOut": false,
              "duration": 0,
              "state": null,
              "speed": null,
              "pass": false,
              "fail": false,
              "pending": false,
              "context": null,
              "code": "scenario.suiteTeardown(suite)",
              "err": {},
              "uuid": "f500d718-5219-4374-9508-8221a51e1fee",
              "parentUUID": "ffb93078-b29c-45d4-9229-aea71362120d",
              "isHook": true,
              "skipped": false
            },
            {
              "title": "\"after each\" hook: finalize codeceptjs in \"ConferenciaDeEntrada @104\"",
              "fullTitle": "ConferenciaDeEntrada @104 \"after each\" hook: finalize codeceptjs in \"ConferenciaDeEntrada @104\"",
              "timedOut": false,
              "duration": 1,
              "state": null,
              "speed": null,
              "pass": false,
              "fail": false,
              "pending": false,
              "context": null,
              "code": "scenario.teardown(suite)",
              "err": {},
              "uuid": "828f1837-0c89-45ec-93d7-ef3a3406a714",
              "parentUUID": "ffb93078-b29c-45d4-9229-aea71362120d",
              "isHook": true,
              "skipped": false
            }
          ],
          "tests": [
            {
              "title": "104-01-Conferencia de entrada @104-01",
              "fullTitle": "ConferenciaDeEntrada @104: 104-01-Conferencia de entrada @104-01",
              "timedOut": false,
              "duration": 3600,
              "state": "passed",
              "speed": "slow",
              "pass": true,
              "fail": false,
              "pending": false,
              "context": null,
              "code": "//EU VOU ATE A PAGINA W29\n    I.amOnPage('https://192.168.1.128:9090/flextotal/user/estoque/conferenciaEntrada/pesquisar')\n    //EU ACEITO POPUP\n    I.acceptPopup()\n    //EU ESPERO\n    I.wait(2)\n    //EU COLOCO O ID GERAL INVÁLIDO\n    I.fillField('/html/body/my-app/home/mat-sidenav-container/mat-sidenav-content/pesquisa-conferencia-component/div/div[1]/mat-form-field/div/div[1]/div/textarea', '0000001 ')\n    //EU ESPERO    \n    I.wait(1)\n    //EU CLICO NO BOTAO PESQUISAR\n    I.click('/html/body/my-app/home/mat-sidenav-container/mat-sidenav-content/pesquisa-conferencia-component/div/div[2]/button')\n    //EU ESPERO PELO TEXTO\n    I.waitForText('Tarefa não encontrada!')\n    //EU ESPERO",
              "err": {},
              "uuid": "b349bb52-621a-4da8-8880-71b987533679",
              "parentUUID": "ffb93078-b29c-45d4-9229-aea71362120d",
              "isHook": false,
              "skipped": false
            },
            {
              "title": "104-02-Conferencia de entrada @104-02",
              "fullTitle": "ConferenciaDeEntrada @104: 104-02-Conferencia de entrada @104-02",
              "timedOut": false,
              "duration": 8363,
              "state": "passed",
              "speed": "slow",
              "pass": true,
              "fail": false,
              "pending": false,
              "context": null,
              "code": "//EU VOU ATE A PAGINA W29\n    I.amOnPage('https://192.168.1.128:9090/flextotal/user/estoque/conferenciaEntrada/pesquisar')\n    //EU ACEITO POPUP\n    I.acceptPopup()\n    //EU ESPERO\n    I.wait(2)\n    //EU COLOCO O ID GERAL \n    I.fillField('/html/body/my-app/home/mat-sidenav-container/mat-sidenav-content/pesquisa-conferencia-component/div/div[1]/mat-form-field/div/div[1]/div/textarea', '1002704747906 ')\n    //EU ESPERO    \n    I.wait(1)\n    //EU CLICO NO BOTAO PESQUISAR\n    I.click('/html/body/my-app/home/mat-sidenav-container/mat-sidenav-content/pesquisa-conferencia-component/div/div[2]/button')\n    //EU ESPERO PELO TEXTO\n    I.waitForText('Nota Fiscal Nr: 000235 do Fornecedor: 52549 - 1002 UTILIDADES LTDA EPP')\n    //EU ESPERO\n    I.wait(2)\n    //EU CLICO NO BOTAO CONTINUAR\n    I.click('/html/body/my-app/home/mat-sidenav-container/mat-sidenav-content/pesquisa-conferencia-component/div/div[3]/button[1]')\n    I.wait(2)",
              "err": {},
              "uuid": "9f50f4b7-3f54-4f31-bb83-422154fc9928",
              "parentUUID": "ffb93078-b29c-45d4-9229-aea71362120d",
              "isHook": false,
              "skipped": false
            },
            {
              "title": "104-03-Conferencia de entrada por unidade - CD INVÁLIDO @104-03",
              "fullTitle": "ConferenciaDeEntrada @104: 104-03-Conferencia de entrada por unidade - CD INVÁLIDO @104-03",
              "timedOut": false,
              "duration": 3521,
              "state": "passed",
              "speed": "slow",
              "pass": true,
              "fail": false,
              "pending": false,
              "context": null,
              "code": "//EU COLOCO O CD DDE BARRAS DO PRODUTO INVÁLIDO\n    I.fillField('/html/body/my-app/home/mat-sidenav-container/mat-sidenav-content/conferencia-entrada/div/div/form/div[2]/mat-form-field/div/div[1]/div/input', '00001')\n    //EU ESPERO\n    I.wait(1)\n    //EU CLICO NO BOTAO PARA CONTINUAR\n    I.click('/html/body/my-app/home/mat-sidenav-container/mat-sidenav-content/conferencia-entrada/div/div/form/div[2]/button[1]')\n    //EU ADICIONO O LOTE\n    I.wait(2)\n    I.waitForText('Este item não está na tarefa.')",
              "err": {},
              "uuid": "2631dd13-813c-426b-b05d-a0ba8c1edf54",
              "parentUUID": "ffb93078-b29c-45d4-9229-aea71362120d",
              "isHook": false,
              "skipped": false
            },
            {
              "title": "104-04-Conferencia de entrada por unidade - válido @104-04",
              "fullTitle": "ConferenciaDeEntrada @104: 104-04-Conferencia de entrada por unidade - válido @104-04",
              "timedOut": false,
              "duration": 6289,
              "state": "passed",
              "speed": "slow",
              "pass": true,
              "fail": false,
              "pending": false,
              "context": null,
              "code": "//EU RECARREGO A PAGINA\n    I.amOnPage('https://192.168.1.128:9090/flextotal/user/estoque/conferenciaEntrada/1002704747906')\n    I.acceptPopup()\n    //EU COLOCO O CD DDE BARRAS DO PRODUTO\n    I.fillField('/html/body/my-app/home/mat-sidenav-container/mat-sidenav-content/conferencia-entrada/div/div/form/div[2]/mat-form-field/div/div[1]/div/input', '1234')\n    //EU ESPERO\n    I.wait(1)\n    //EU CLICO NO BOTAO PARA CONTINUAR\n    I.click('/html/body/my-app/home/mat-sidenav-container/mat-sidenav-content/conferencia-entrada/div/div/form/div[2]/button[1]')\n    //EU ADICIONO O LOTE\n    I.fillField('/html/body/my-app/home/mat-sidenav-container/mat-sidenav-content/conferencia-entrada/div/div/form/div[4]/div[1]/mat-form-field/div/div[1]/div/input', ' lot uni automacao')\n    //EU COLOCO DATA DE FABRICAÇÃO\n    I.fillField('/html/body/my-app/home/mat-sidenav-container/mat-sidenav-content/conferencia-entrada/div/div/form/div[4]/div[2]/date-picker/mat-form-field/div/div[1]/div[1]/input[1]', '20/01/2023')\n    //EU COLOCO DATA DE VENCIMENTOS\n    I.fillField('/html/body/my-app/home/mat-sidenav-container/mat-sidenav-content/conferencia-entrada/div/div/form/div[4]/div[3]/date-picker/mat-form-field/div/div[1]/div[1]/input[1]', '20/01/2026')\n    I.wait(2)\n    //EU CLICO EM 'CONFIRMAR LOTE'\n    I.click('/html/body/my-app/home/mat-sidenav-container/mat-sidenav-content/conferencia-entrada/div/div/form/div[5]/button[2]')\n    //EU CLICO EM 'NOVO LOTE'\n    I.click('/html/body/my-app/home/mat-sidenav-container/mat-sidenav-content/conferencia-entrada/div/div/form/div[5]/button[1]')\n    I.wait(1)",
              "err": {},
              "uuid": "3eed7e51-05b3-49b1-954f-f31d3f01ba75",
              "parentUUID": "ffb93078-b29c-45d4-9229-aea71362120d",
              "isHook": false,
              "skipped": false
            },
            {
              "title": "104-05-Conferencia de entrada por unidade - Menu - Listar Itens @104-05",
              "fullTitle": "ConferenciaDeEntrada @104: 104-05-Conferencia de entrada por unidade - Menu - Listar Itens @104-05",
              "timedOut": false,
              "duration": 6625,
              "state": "passed",
              "speed": "slow",
              "pass": true,
              "fail": false,
              "pending": false,
              "context": null,
              "code": "//EU RECARREGO A PAGINA\n    I.amOnPage('https://192.168.1.128:9090/flextotal/user/estoque/conferenciaEntrada/1002704747906')\n    //ACEITO O POPUP\n    I.acceptPopup()\n    I.click('/html/body/my-app/home/mat-sidenav-container/mat-sidenav-content/conferencia-entrada/div/mat-toolbar/button')\n    I.wait(2)\n    I.click('Listar Itens')\n    I.wait(2)\n    I.waitForText('12125 - CONCENTRADO MAQUINA PRETO (B) 945 ML 96-2 RENNER')",
              "err": {},
              "uuid": "f0058bfe-e46f-451a-b1af-e76c558cd9c9",
              "parentUUID": "ffb93078-b29c-45d4-9229-aea71362120d",
              "isHook": false,
              "skipped": false
            },
            {
              "title": "104-06-Conferencia de entrada por unidade - Menu - Informar Quantidade inválido @104-06",
              "fullTitle": "ConferenciaDeEntrada @104: 104-06-Conferencia de entrada por unidade - Menu - Informar Quantidade inválido @104-06",
              "timedOut": false,
              "duration": 10573,
              "state": "passed",
              "speed": "slow",
              "pass": true,
              "fail": false,
              "pending": false,
              "context": null,
              "code": "ZoomMenosPage.ZoomMenos()\n    I.amOnPage('https://192.168.1.128:9090/flextotal/user/estoque/conferenciaEntrada/1002704747906')\n    //ACEITO O POPUP\n    I.acceptPopup()\n    //EU CLICO NO BOTAO 'MENU'\n    I.click('/html/body/my-app/home/mat-sidenav-container/mat-sidenav-content/conferencia-entrada/div/mat-toolbar/button')\n    I.wait(2)\n    //EU APERTO EM 'Informar Quantidade'\n    I.click('Informar quantidade')\n    I.wait(2)\n    I.fillField('Informe o código do supervisor','000')\n    I.wait(1)\n    I.click('Ok')\n    I.wait(1)\n    I.waitForText('Código do supervisor inexistente!')\n    I.wait(2)",
              "err": {},
              "uuid": "0a3f88ad-ea35-4fa3-8bd5-266937a244af",
              "parentUUID": "ffb93078-b29c-45d4-9229-aea71362120d",
              "isHook": false,
              "skipped": false
            },
            {
              "title": "104-07-Conferencia de entrada por unidade - Menu - Informar Quantidade válido @104-07",
              "fullTitle": "ConferenciaDeEntrada @104: 104-07-Conferencia de entrada por unidade - Menu - Informar Quantidade válido @104-07",
              "timedOut": false,
              "duration": 10337,
              "state": "passed",
              "speed": "slow",
              "pass": true,
              "fail": false,
              "pending": false,
              "context": null,
              "code": "ZoomMenosPage.ZoomMenos()\n    I.amOnPage('https://192.168.1.128:9090/flextotal/user/estoque/conferenciaEntrada/1002704747906')\n    //ACEITO O POPUP\n    I.acceptPopup()\n    //EU CLICO NO BOTAO 'MENU'\n    I.click('/html/body/my-app/home/mat-sidenav-container/mat-sidenav-content/conferencia-entrada/div/mat-toolbar/button')\n    I.wait(2)\n    //EU APERTO EM 'Informar Quantidade'\n    I.click('Informar quantidade')\n    I.wait(2)\n    I.fillField('Informe o código do supervisor','102')\n    I.wait(1)\n    I.click('Ok')\n    I.waitForText('Supervisor - REGIÃO - LITORAL',10)\n    I.wait(2)",
              "err": {},
              "uuid": "87742879-220a-4340-8e89-b1458721708f",
              "parentUUID": "ffb93078-b29c-45d4-9229-aea71362120d",
              "isHook": false,
              "skipped": false
            },
            {
              "title": "104-08-Conferencia de entrada por unidade - Menu - Enviar Pendentes @104-08",
              "fullTitle": "ConferenciaDeEntrada @104: 104-08-Conferencia de entrada por unidade - Menu - Enviar Pendentes @104-08",
              "timedOut": false,
              "duration": 6305,
              "state": "passed",
              "speed": "slow",
              "pass": true,
              "fail": false,
              "pending": false,
              "context": null,
              "code": "I.amOnPage('https://192.168.1.128:9090/flextotal/user/estoque/conferenciaEntrada/1002704747906')\n//ACEITO O POPUP\nI.acceptPopup()\n//EU CLICO NO BOTAO 'MENU'\nI.click('/html/body/my-app/home/mat-sidenav-container/mat-sidenav-content/conferencia-entrada/div/mat-toolbar/button')\nI.wait(2)\n//EU APERTO EM 'Informar Enviar Pendentes'\nI.click('Enviar Pendentes')\nI.wait(2)",
              "err": {},
              "uuid": "cf9845d3-32d8-4502-a438-32a15c2c790b",
              "parentUUID": "ffb93078-b29c-45d4-9229-aea71362120d",
              "isHook": false,
              "skipped": false
            },
            {
              "title": "104-09-Conferencia de entrada por unidade - Menu - Reiniciar Conferência @104-09",
              "fullTitle": "ConferenciaDeEntrada @104: 104-09-Conferencia de entrada por unidade - Menu - Reiniciar Conferência @104-09",
              "timedOut": false,
              "duration": 10621,
              "state": "passed",
              "speed": "slow",
              "pass": true,
              "fail": false,
              "pending": false,
              "context": null,
              "code": "I.amOnPage('https://192.168.1.128:9090/flextotal/user/estoque/conferenciaEntrada/1002704747906')\n    //ACEITO O POPUP\n    I.acceptPopup()\n    I.wait(2)\n    //EU CLICO NO BOTAO 'MENU'\n    I.click('/html/body/my-app/home/mat-sidenav-container/mat-sidenav-content/conferencia-entrada/div/mat-toolbar/button')\n    I.wait(2)\n    //EU APERTO EM 'REINICIAR CONFERENCIA'\n    I.click('Reiniciar Conferência')\n    I.wait(1)\n    //EU APERTO NO BOTAO SIM\n    I.click('/html/body/div[2]/div[2]/div/mat-dialog-container/confirmation-dialog-component/button[1]')\n    I.wait(5)",
              "err": {},
              "uuid": "42bc64cf-bf4b-43ca-a857-fd9738058a3f",
              "parentUUID": "ffb93078-b29c-45d4-9229-aea71362120d",
              "isHook": false,
              "skipped": false
            }
          ],
          "suites": [],
          "passes": [
            "b349bb52-621a-4da8-8880-71b987533679",
            "9f50f4b7-3f54-4f31-bb83-422154fc9928",
            "2631dd13-813c-426b-b05d-a0ba8c1edf54",
            "3eed7e51-05b3-49b1-954f-f31d3f01ba75",
            "f0058bfe-e46f-451a-b1af-e76c558cd9c9",
            "0a3f88ad-ea35-4fa3-8bd5-266937a244af",
            "87742879-220a-4340-8e89-b1458721708f",
            "cf9845d3-32d8-4502-a438-32a15c2c790b",
            "42bc64cf-bf4b-43ca-a857-fd9738058a3f"
          ],
          "failures": [],
          "pending": [],
          "skipped": [],
          "duration": 66234,
          "root": false,
          "rootEmpty": false,
          "_timeout": 0
        },
        {
          "uuid": "53cfac9b-15d0-4885-a658-fc7e286aea16",
          "title": "W41-Piking @105",
          "fullFile": "C:\\Users\\flexmobile\\Documents\\AUTOMACOES\\AUTOMACAO-FLEXTOTAL\\Automacao-FLEXTOTAL\\steps\\105-W41-Piking_test.js",
          "file": "\\steps\\105-W41-Piking_test.js",
          "beforeHooks": [
            {
              "title": "\"before all\" hook: codeceptjs.beforeSuite in \"W41-Piking @105\"",
              "fullTitle": "W41-Piking @105 \"before all\" hook: codeceptjs.beforeSuite in \"W41-Piking @105\"",
              "timedOut": false,
              "duration": 0,
              "state": null,
              "speed": null,
              "pass": false,
              "fail": false,
              "pending": false,
              "context": null,
              "code": "scenario.suiteSetup(suite)",
              "err": {},
              "uuid": "8c5fb1e6-959f-45a4-b341-2d6c88419a5a",
              "parentUUID": "53cfac9b-15d0-4885-a658-fc7e286aea16",
              "isHook": true,
              "skipped": false
            },
            {
              "title": "\"before each\" hook: codeceptjs.before in \"W41-Piking @105\"",
              "fullTitle": "W41-Piking @105 \"before each\" hook: codeceptjs.before in \"W41-Piking @105\"",
              "timedOut": false,
              "duration": 0,
              "state": null,
              "speed": null,
              "pass": false,
              "fail": false,
              "pending": false,
              "context": null,
              "code": "scenario.setup(suite)",
              "err": {},
              "uuid": "cf6f4b65-7a37-4206-9da9-7fa4093a88bf",
              "parentUUID": "53cfac9b-15d0-4885-a658-fc7e286aea16",
              "isHook": true,
              "skipped": false
            }
          ],
          "afterHooks": [
            {
              "title": "\"after all\" hook: codeceptjs.afterSuite in \"W41-Piking @105\"",
              "fullTitle": "W41-Piking @105 \"after all\" hook: codeceptjs.afterSuite in \"W41-Piking @105\"",
              "timedOut": false,
              "duration": 1,
              "state": null,
              "speed": null,
              "pass": false,
              "fail": false,
              "pending": false,
              "context": null,
              "code": "scenario.suiteTeardown(suite)",
              "err": {},
              "uuid": "90acb929-71d4-49d1-93c8-31108ed5fdbd",
              "parentUUID": "53cfac9b-15d0-4885-a658-fc7e286aea16",
              "isHook": true,
              "skipped": false
            },
            {
              "title": "\"after each\" hook: finalize codeceptjs in \"W41-Piking @105\"",
              "fullTitle": "W41-Piking @105 \"after each\" hook: finalize codeceptjs in \"W41-Piking @105\"",
              "timedOut": false,
              "duration": 0,
              "state": null,
              "speed": null,
              "pass": false,
              "fail": false,
              "pending": false,
              "context": null,
              "code": "scenario.teardown(suite)",
              "err": {},
              "uuid": "7a073f11-2a8b-492b-a84d-afd9dc98eb61",
              "parentUUID": "53cfac9b-15d0-4885-a658-fc7e286aea16",
              "isHook": true,
              "skipped": false
            }
          ],
          "tests": [
            {
              "title": "105-01 Filtros @104-01",
              "fullTitle": "W41-Piking @105: 105-01 Filtros @104-01",
              "timedOut": false,
              "duration": 5009,
              "state": "passed",
              "speed": "slow",
              "pass": true,
              "fail": false,
              "pending": false,
              "context": null,
              "code": "//EU VOU ATE A PAGINA W29\n    I.amOnPage('https://192.168.1.128:9090/flextotal/user/monitor/W41')\n    //EU ACEITO POPUP\n    I.acceptPopup()\n    //EU ESPERO\n    I.wait(1)\n    //EU ABRO A ABA FILTROS\n    I.click('/html/body/my-app/home/mat-sidenav-container/mat-sidenav-content/monitor-pesquisa-component/div/grid-card-component/div/mat-expansion-panel/mat-expansion-panel-header')\n    I.wait(1)\n    //EU CLICO NO MENU FILTROS 'CONSULTAR POR'\n    I.click('/html/body/my-app/home/mat-sidenav-container/mat-sidenav-content/monitor-pesquisa-component/div/grid-card-component/div/mat-expansion-panel/div/div/div/mat-form-field[1]')\n    I.waitForText('Origem')\n    I.waitForText('Item')\n    I.waitForText('Quantidade')\n    I.waitForText('End. Origem')\n    I.waitForText('End. Destino')\n    I.waitForText('Situação')",
              "err": {},
              "uuid": "92607029-3b3a-47f2-97b8-9d7a21ab1bd4",
              "parentUUID": "53cfac9b-15d0-4885-a658-fc7e286aea16",
              "isHook": false,
              "skipped": false
            },
            {
              "title": "105-02 Filtros - Origem @104-02",
              "fullTitle": "W41-Piking @105: 105-02 Filtros - Origem @104-02",
              "timedOut": false,
              "duration": 4570,
              "state": "passed",
              "speed": "slow",
              "pass": true,
              "fail": false,
              "pending": false,
              "context": null,
              "code": "ZoomMenosPage.ZoomMenos()\n    //EU VOU ATE A PAGINA W29\n    I.amOnPage('https://192.168.1.128:9090/flextotal/user/monitor/W41')\n    //EU ACEITO POPUP\n    I.acceptPopup()\n    //EU ESPERO\n    I.wait(1)\n    //EU ABRO A ABA FILTROS\n    I.click('/html/body/my-app/home/mat-sidenav-container/mat-sidenav-content/monitor-pesquisa-component/div/grid-card-component/div/mat-expansion-panel/mat-expansion-panel-header')\n    I.wait(1)\n    //EU CLICO NO MENU FILTROS 'CONSULTAR POR'\n    I.click('/html/body/my-app/home/mat-sidenav-container/mat-sidenav-content/monitor-pesquisa-component/div/grid-card-component/div/mat-expansion-panel/div/div/div/mat-form-field[1]')\n    //EU CLICO EM ORIGEM\n    I.click('//*[@id=\"mat-option-0\"]')\n    //EU CLICO NO BOTAO PESQUISAR\n    I.click('//*[@id=\"cdk-accordion-child-0\"]/div/div/mat-form-field[3]/div/div[1]/div[2]/button')\n    I.wait(1)",
              "err": {},
              "uuid": "2edbe81f-e27a-464a-a7bd-98f4fc78fdb9",
              "parentUUID": "53cfac9b-15d0-4885-a658-fc7e286aea16",
              "isHook": false,
              "skipped": false
            },
            {
              "title": "105-03 Filtros - Quantidade @104-03",
              "fullTitle": "W41-Piking @105: 105-03 Filtros - Quantidade @104-03",
              "timedOut": false,
              "duration": 5916,
              "state": "passed",
              "speed": "slow",
              "pass": true,
              "fail": false,
              "pending": false,
              "context": null,
              "code": "ZoomMenosPage.ZoomMenos()\n    //EU VOU ATE A PAGINA W29\n    I.amOnPage('https://192.168.1.128:9090/flextotal/user/monitor/W41')\n    //EU ACEITO POPUP\n    I.acceptPopup()\n    //EU ESPERO\n    I.wait(1)\n    //EU ABRO A ABA FILTROS\n    I.click('/html/body/my-app/home/mat-sidenav-container/mat-sidenav-content/monitor-pesquisa-component/div/grid-card-component/div/mat-expansion-panel/mat-expansion-panel-header')\n    I.wait(1)\n    //EU CLICO NO MENU FILTROS 'CONSULTAR POR'\n    I.click('/html/body/my-app/home/mat-sidenav-container/mat-sidenav-content/monitor-pesquisa-component/div/grid-card-component/div/mat-expansion-panel/div/div/div/mat-form-field[1]')\n    //EU CLICO EM QUANTIDADES\n    I.click('//*[@id=\"mat-option-2\"]')\n    I.wait(1)\n    //EU COLOCO A QUANTIDADE '10'\n    I.fillField('/html/body/my-app/home/mat-sidenav-container/mat-sidenav-content/monitor-pesquisa-component/div/grid-card-component/div/mat-expansion-panel/div/div/div/mat-form-field[3]/div/div[1]/div[1]/input','10')\n    I.wait(1)",
              "err": {},
              "uuid": "9f9f80d3-a430-4c95-9d69-7d31ed713790",
              "parentUUID": "53cfac9b-15d0-4885-a658-fc7e286aea16",
              "isHook": false,
              "skipped": false
            },
            {
              "title": "105-04 Filtros - Fim. End Origem @104-04",
              "fullTitle": "W41-Piking @105: 105-04 Filtros - Fim. End Origem @104-04",
              "timedOut": false,
              "duration": 6237,
              "state": "passed",
              "speed": "slow",
              "pass": true,
              "fail": false,
              "pending": false,
              "context": null,
              "code": "//EU VOU ATE A PAGINA W29\n    I.amOnPage('https://192.168.1.128:9090/flextotal/user/monitor/W41')\n    //EU ACEITO POPUP\n    I.acceptPopup()\n    //EU ESPERO\n    I.wait(1)\n    //EU ABRO A ABA FILTROS\n    I.click('/html/body/my-app/home/mat-sidenav-container/mat-sidenav-content/monitor-pesquisa-component/div/grid-card-component/div/mat-expansion-panel/mat-expansion-panel-header')\n    I.wait(1)\n    //EU CLICO NO MENU FILTROS 'CONSULTAR POR'\n    I.click('/html/body/my-app/home/mat-sidenav-container/mat-sidenav-content/monitor-pesquisa-component/div/grid-card-component/div/mat-expansion-panel/div/div/div/mat-form-field[1]')\n    //EU CLICO EM QUANTIDADES\n    I.click('//*[@id=\"mat-option-3\"]')\n    I.wait(1)\n    //EU COLOCO NO CAMPO BUSCA '10-1-08-04-1-B-1'\n    I.fillField('/html/body/my-app/home/mat-sidenav-container/mat-sidenav-content/monitor-pesquisa-component/div/grid-card-component/div/mat-expansion-panel/div/div/div/mat-form-field[3]/div/div[1]/div[1]/input',' 10-1-08-04-1-B-1')\n    I.wait(1)",
              "err": {},
              "uuid": "de7caff9-c765-4f75-a1d4-7cbc73ed85c6",
              "parentUUID": "53cfac9b-15d0-4885-a658-fc7e286aea16",
              "isHook": false,
              "skipped": false
            },
            {
              "title": "105-05 Filtros - Fim. Destino @104-05",
              "fullTitle": "W41-Piking @105: 105-05 Filtros - Fim. Destino @104-05",
              "timedOut": false,
              "duration": 6116,
              "state": "passed",
              "speed": "slow",
              "pass": true,
              "fail": false,
              "pending": false,
              "context": null,
              "code": "//EU VOU ATE A PAGINA W29\n    I.amOnPage('https://192.168.1.128:9090/flextotal/user/monitor/W41')\n    //EU ACEITO POPUP\n    I.acceptPopup()\n    //EU ESPERO\n    I.wait(1)\n    //EU ABRO A ABA FILTROS\n    I.click('/html/body/my-app/home/mat-sidenav-container/mat-sidenav-content/monitor-pesquisa-component/div/grid-card-component/div/mat-expansion-panel/mat-expansion-panel-header')\n    I.wait(1)\n    //EU CLICO NO MENU FILTROS 'CONSULTAR POR'\n    I.click('/html/body/my-app/home/mat-sidenav-container/mat-sidenav-content/monitor-pesquisa-component/div/grid-card-component/div/mat-expansion-panel/div/div/div/mat-form-field[1]')\n    //EU CLICO EM 'Fim. Destino'\n    I.click('//*[@id=\"mat-option-4\"]')\n    I.wait(1)\n    //EU COLOCO NO CAMPO BUSCA '10-1-08-04-0-B-200'\n    I.fillField('/html/body/my-app/home/mat-sidenav-container/mat-sidenav-content/monitor-pesquisa-component/div/grid-card-component/div/mat-expansion-panel/div/div/div/mat-form-field[3]/div/div[1]/div[1]/input','10-1-08-04-0-B-200')\n    I.wait(1)",
              "err": {},
              "uuid": "8d52ccaf-cc0e-43a1-8c3e-1d50489f9c19",
              "parentUUID": "53cfac9b-15d0-4885-a658-fc7e286aea16",
              "isHook": false,
              "skipped": false
            },
            {
              "title": "105-06 Filtros - Situação @104-06",
              "fullTitle": "W41-Piking @105: 105-06 Filtros - Situação @104-06",
              "timedOut": false,
              "duration": 5988,
              "state": "passed",
              "speed": "slow",
              "pass": true,
              "fail": false,
              "pending": false,
              "context": null,
              "code": "//EU VOU ATE A PAGINA W29\n    I.amOnPage('https://192.168.1.128:9090/flextotal/user/monitor/W41')\n    //EU ACEITO POPUP\n    I.acceptPopup()\n    //EU ESPERO\n    I.wait(1)\n    //EU ABRO A ABA FILTROS\n    I.click('/html/body/my-app/home/mat-sidenav-container/mat-sidenav-content/monitor-pesquisa-component/div/grid-card-component/div/mat-expansion-panel/mat-expansion-panel-header')\n    I.wait(1)\n    //EU CLICO NO MENU FILTROS 'CONSULTAR POR'\n    I.click('/html/body/my-app/home/mat-sidenav-container/mat-sidenav-content/monitor-pesquisa-component/div/grid-card-component/div/mat-expansion-panel/div/div/div/mat-form-field[1]')\n    //EU CLICO EM 'SITUAÇÃO'\n    I.click('//*[@id=\"mat-option-5\"]')\n    I.wait(1)\n    //EU COLOCO NO CAMPO BUSCA 'EM ANDAMENTO'\n    I.fillField('/html/body/my-app/home/mat-sidenav-container/mat-sidenav-content/monitor-pesquisa-component/div/grid-card-component/div/mat-expansion-panel/div/div/div/mat-form-field[3]/div/div[1]/div[1]/input','EM ANDAMENTO')\n    I.wait(1)",
              "err": {},
              "uuid": "2b8a2e7c-c3eb-4cf6-8ab8-e18fe43327c2",
              "parentUUID": "53cfac9b-15d0-4885-a658-fc7e286aea16",
              "isHook": false,
              "skipped": false
            }
          ],
          "suites": [],
          "passes": [
            "92607029-3b3a-47f2-97b8-9d7a21ab1bd4",
            "2edbe81f-e27a-464a-a7bd-98f4fc78fdb9",
            "9f9f80d3-a430-4c95-9d69-7d31ed713790",
            "de7caff9-c765-4f75-a1d4-7cbc73ed85c6",
            "8d52ccaf-cc0e-43a1-8c3e-1d50489f9c19",
            "2b8a2e7c-c3eb-4cf6-8ab8-e18fe43327c2"
          ],
          "failures": [],
          "pending": [],
          "skipped": [],
          "duration": 33836,
          "root": false,
          "rootEmpty": false,
          "_timeout": 0
        }
      ],
      "passes": [],
      "failures": [],
      "pending": [],
      "skipped": [],
      "duration": 0,
      "root": true,
      "rootEmpty": true,
      "_timeout": 0
    }
  ],
  "meta": {
    "mocha": {
      "version": "10.2.0"
    },
    "mochawesome": {
      "options": {
        "quiet": false,
        "reportFilename": "mochawesome",
        "saveHtml": true,
        "saveJson": true,
        "consoleReporter": "spec",
        "useInlineDiffs": false,
        "code": true
      },
      "version": "7.1.3"
    },
    "marge": {
      "options": {},
      "version": "6.2.0"
    }
  }
}